<?xml version="1.0" encoding="UTF-8"?>
<coverage generated="1629514763110" clover="3.2.0">
  <project timestamp="1629514763111" name="All files">
    <metrics statements="427" coveredstatements="406" conditionals="73" coveredconditionals="70" methods="91" coveredmethods="80" elements="591" coveredelements="556" complexity="0" loc="427" ncloc="427" packages="24" files="50" classes="50"/>
    <package name="core.infra">
      <metrics statements="3" coveredstatements="3" conditionals="0" coveredconditionals="0" methods="0" coveredmethods="0"/>
      <file name="index.ts" path="/home/billy/Development/Growdev/semana-25.2-testes-tdd/backend/src/core/infra/index.ts">
        <metrics statements="3" coveredstatements="3" conditionals="0" coveredconditionals="0" methods="0" coveredmethods="0"/>
        <line num="2" count="11" type="stmt"/>
        <line num="3" count="11" type="stmt"/>
        <line num="4" count="11" type="stmt"/>
      </file>
    </package>
    <package name="core.infra.data.connections">
      <metrics statements="21" coveredstatements="21" conditionals="10" coveredconditionals="9" methods="6" coveredmethods="6"/>
      <file name="database.ts" path="/home/billy/Development/Growdev/semana-25.2-testes-tdd/backend/src/core/infra/data/connections/database.ts">
        <metrics statements="12" coveredstatements="12" conditionals="6" coveredconditionals="6" methods="4" coveredmethods="4"/>
        <line num="1" count="12" type="stmt"/>
        <line num="3" count="12" type="stmt"/>
        <line num="7" count="2" type="cond" truecount="2" falsecount="0"/>
        <line num="8" count="1" type="stmt"/>
        <line num="10" count="1" type="stmt"/>
        <line num="14" count="6" type="cond" truecount="2" falsecount="0"/>
        <line num="15" count="5" type="stmt"/>
        <line num="16" count="5" type="stmt"/>
        <line num="21" count="6" type="cond" truecount="2" falsecount="0"/>
        <line num="22" count="1" type="stmt"/>
        <line num="25" count="5" type="stmt"/>
        <line num="29" count="1" type="stmt"/>
      </file>
      <file name="redis.ts" path="/home/billy/Development/Growdev/semana-25.2-testes-tdd/backend/src/core/infra/data/connections/redis.ts">
        <metrics statements="9" coveredstatements="9" conditionals="4" coveredconditionals="3" methods="2" coveredmethods="2"/>
        <line num="1" count="10" type="stmt"/>
        <line num="2" count="10" type="stmt"/>
        <line num="4" count="10" type="stmt"/>
        <line num="5" count="10" type="stmt"/>
        <line num="8" count="5" type="cond" truecount="2" falsecount="0"/>
        <line num="9" count="1" type="stmt"/>
        <line num="11" count="5" type="stmt"/>
        <line num="15" count="1" type="cond" truecount="1" falsecount="1"/>
        <line num="16" count="1" type="stmt"/>
      </file>
    </package>
    <package name="core.infra.data.database.entities">
      <metrics statements="42" coveredstatements="42" conditionals="0" coveredconditionals="0" methods="12" coveredmethods="12"/>
      <file name="index.ts" path="/home/billy/Development/Growdev/semana-25.2-testes-tdd/backend/src/core/infra/data/database/entities/index.ts">
        <metrics statements="2" coveredstatements="2" conditionals="0" coveredconditionals="0" methods="0" coveredmethods="0"/>
        <line num="1" count="12" type="stmt"/>
        <line num="2" count="12" type="stmt"/>
      </file>
      <file name="scrap.entity.ts" path="/home/billy/Development/Growdev/semana-25.2-testes-tdd/backend/src/core/infra/data/database/entities/scrap.entity.ts">
        <metrics statements="19" coveredstatements="19" conditionals="0" coveredconditionals="0" methods="6" coveredmethods="6"/>
        <line num="1" count="12" type="stmt"/>
        <line num="13" count="12" type="stmt"/>
        <line num="14" count="12" type="stmt"/>
        <line num="17" count="12" type="stmt"/>
        <line num="19" count="12" type="stmt"/>
        <line num="22" count="12" type="stmt"/>
        <line num="25" count="12" type="stmt"/>
        <line num="28" count="12" type="stmt"/>
        <line num="31" count="12" type="stmt"/>
        <line num="34" count="12" type="stmt"/>
        <line num="36" count="5" type="stmt"/>
        <line num="38" count="12" type="stmt"/>
        <line num="41" count="36" type="stmt"/>
        <line num="42" count="12" type="stmt"/>
        <line num="43" count="12" type="stmt"/>
        <line num="44" count="12" type="stmt"/>
        <line num="48" count="36" type="stmt"/>
        <line num="49" count="2" type="stmt"/>
        <line num="54" count="26" type="stmt"/>
      </file>
      <file name="user.entity.ts" path="/home/billy/Development/Growdev/semana-25.2-testes-tdd/backend/src/core/infra/data/database/entities/user.entity.ts">
        <metrics statements="21" coveredstatements="21" conditionals="0" coveredconditionals="0" methods="6" coveredmethods="6"/>
        <line num="1" count="12" type="stmt"/>
        <line num="12" count="12" type="stmt"/>
        <line num="13" count="12" type="stmt"/>
        <line num="14" count="12" type="stmt"/>
        <line num="17" count="12" type="stmt"/>
        <line num="19" count="12" type="stmt"/>
        <line num="22" count="12" type="stmt"/>
        <line num="25" count="12" type="stmt"/>
        <line num="28" count="12" type="stmt"/>
        <line num="31" count="12" type="stmt"/>
        <line num="33" count="5" type="stmt"/>
        <line num="34" count="12" type="stmt"/>
        <line num="37" count="59" type="stmt"/>
        <line num="38" count="36" type="stmt"/>
        <line num="39" count="36" type="stmt"/>
        <line num="40" count="36" type="stmt"/>
        <line num="41" count="36" type="stmt"/>
        <line num="45" count="59" type="stmt"/>
        <line num="46" count="2" type="stmt"/>
        <line num="47" count="2" type="stmt"/>
        <line num="52" count="74" type="stmt"/>
      </file>
    </package>
    <package name="core.infra.repositories">
      <metrics statements="10" coveredstatements="4" conditionals="2" coveredconditionals="0" methods="5" coveredmethods="1"/>
      <file name="cache.repository.ts" path="/home/billy/Development/Growdev/semana-25.2-testes-tdd/backend/src/core/infra/repositories/cache.repository.ts">
        <metrics statements="9" coveredstatements="3" conditionals="2" coveredconditionals="0" methods="5" coveredmethods="1"/>
        <line num="2" count="10" type="stmt"/>
        <line num="4" count="10" type="stmt"/>
        <line num="8" count="5" type="stmt"/>
        <line num="12" count="0" type="stmt"/>
        <line num="20" count="0" type="stmt"/>
        <line num="24" count="0" type="stmt"/>
        <line num="26" count="0" type="cond" truecount="0" falsecount="2"/>
        <line num="30" count="0" type="stmt"/>
        <line num="32" count="0" type="stmt"/>
      </file>
      <file name="index.ts" path="/home/billy/Development/Growdev/semana-25.2-testes-tdd/backend/src/core/infra/repositories/index.ts">
        <metrics statements="1" coveredstatements="1" conditionals="0" coveredconditionals="0" methods="0" coveredmethods="0"/>
        <line num="1" count="11" type="stmt"/>
      </file>
    </package>
    <package name="core.presentation">
      <metrics statements="31" coveredstatements="16" conditionals="0" coveredconditionals="0" methods="9" coveredmethods="2"/>
      <file name="app.ts" path="/home/billy/Development/Growdev/semana-25.2-testes-tdd/backend/src/core/presentation/app.ts">
        <metrics statements="23" coveredstatements="8" conditionals="0" coveredconditionals="0" methods="9" coveredmethods="2"/>
        <line num="1" count="6" type="stmt"/>
        <line num="2" count="6" type="stmt"/>
        <line num="3" count="6" type="stmt"/>
        <line num="4" count="6" type="stmt"/>
        <line num="6" count="6" type="stmt"/>
        <line num="7" count="2" type="stmt"/>
        <line num="10" count="2" type="stmt"/>
        <line num="14" count="2" type="stmt"/>
        <line num="18" count="0" type="stmt"/>
        <line num="19" count="0" type="stmt"/>
        <line num="23" count="0" type="stmt"/>
        <line num="24" count="0" type="stmt"/>
        <line num="25" count="0" type="stmt"/>
        <line num="29" count="0" type="stmt"/>
        <line num="31" count="0" type="stmt"/>
        <line num="32" count="0" type="stmt"/>
        <line num="35" count="0" type="stmt"/>
        <line num="37" count="0" type="stmt"/>
        <line num="38" count="0" type="stmt"/>
        <line num="41" count="0" type="stmt"/>
        <line num="42" count="0" type="stmt"/>
        <line num="46" count="0" type="stmt"/>
        <line num="47" count="0" type="stmt"/>
      </file>
      <file name="index.ts" path="/home/billy/Development/Growdev/semana-25.2-testes-tdd/backend/src/core/presentation/index.ts">
        <metrics statements="8" coveredstatements="8" conditionals="0" coveredconditionals="0" methods="0" coveredmethods="0"/>
        <line num="1" count="6" type="stmt"/>
        <line num="2" count="6" type="stmt"/>
        <line num="3" count="6" type="stmt"/>
        <line num="4" count="6" type="stmt"/>
        <line num="5" count="6" type="stmt"/>
        <line num="6" count="6" type="stmt"/>
        <line num="7" count="6" type="stmt"/>
        <line num="8" count="6" type="stmt"/>
      </file>
    </package>
    <package name="core.presentation.adapters">
      <metrics statements="35" coveredstatements="35" conditionals="15" coveredconditionals="15" methods="6" coveredmethods="6"/>
      <file name="express-middleware.adapter.ts" path="/home/billy/Development/Growdev/semana-25.2-testes-tdd/backend/src/core/presentation/adapters/express-middleware.adapter.ts">
        <metrics statements="8" coveredstatements="8" conditionals="2" coveredconditionals="2" methods="2" coveredmethods="2"/>
        <line num="4" count="6" type="stmt"/>
        <line num="5" count="12" type="stmt"/>
        <line num="6" count="36" type="stmt"/>
        <line num="12" count="36" type="stmt"/>
        <line num="16" count="36" type="cond" truecount="2" falsecount="0"/>
        <line num="17" count="24" type="stmt"/>
        <line num="18" count="24" type="stmt"/>
        <line num="20" count="12" type="stmt"/>
      </file>
      <file name="express-route.adapter.ts" path="/home/billy/Development/Growdev/semana-25.2-testes-tdd/backend/src/core/presentation/adapters/express-route.adapter.ts">
        <metrics statements="25" coveredstatements="25" conditionals="13" coveredconditionals="13" methods="4" coveredmethods="4"/>
        <line num="3" count="6" type="stmt"/>
        <line num="6" count="6" type="stmt"/>
        <line num="7" count="1" type="stmt"/>
        <line num="8" count="3" type="stmt"/>
        <line num="13" count="3" type="stmt"/>
        <line num="15" count="3" type="cond" truecount="4" falsecount="0"/>
        <line num="16" count="1" type="stmt"/>
        <line num="18" count="2" type="stmt"/>
        <line num="25" count="6" type="stmt"/>
        <line num="26" count="7" type="stmt"/>
        <line num="27" count="11" type="stmt"/>
        <line num="34" count="11" type="stmt"/>
        <line num="36" count="2" type="stmt"/>
        <line num="37" count="2" type="stmt"/>
        <line num="39" count="2" type="stmt"/>
        <line num="40" count="2" type="stmt"/>
        <line num="42" count="3" type="stmt"/>
        <line num="43" count="3" type="stmt"/>
        <line num="45" count="2" type="stmt"/>
        <line num="46" count="2" type="stmt"/>
        <line num="48" count="2" type="stmt"/>
        <line num="49" count="2" type="stmt"/>
        <line num="52" count="11" type="cond" truecount="4" falsecount="0"/>
        <line num="53" count="7" type="stmt"/>
        <line num="55" count="4" type="stmt"/>
      </file>
      <file name="index.ts" path="/home/billy/Development/Growdev/semana-25.2-testes-tdd/backend/src/core/presentation/adapters/index.ts">
        <metrics statements="2" coveredstatements="2" conditionals="0" coveredconditionals="0" methods="0" coveredmethods="0"/>
        <line num="1" count="6" type="stmt"/>
        <line num="2" count="6" type="stmt"/>
      </file>
    </package>
    <package name="core.presentation.contracts">
      <metrics statements="1" coveredstatements="1" conditionals="0" coveredconditionals="0" methods="0" coveredmethods="0"/>
      <file name="index.ts" path="/home/billy/Development/Growdev/semana-25.2-testes-tdd/backend/src/core/presentation/contracts/index.ts">
        <metrics statements="1" coveredstatements="1" conditionals="0" coveredconditionals="0" methods="0" coveredmethods="0"/>
        <line num="1" count="6" type="stmt"/>
      </file>
    </package>
    <package name="core.presentation.enums">
      <metrics statements="7" coveredstatements="7" conditionals="2" coveredconditionals="2" methods="1" coveredmethods="1"/>
      <file name="index.ts" path="/home/billy/Development/Growdev/semana-25.2-testes-tdd/backend/src/core/presentation/enums/index.ts">
        <metrics statements="1" coveredstatements="1" conditionals="0" coveredconditionals="0" methods="0" coveredmethods="0"/>
        <line num="1" count="6" type="stmt"/>
      </file>
      <file name="mvc.enum.ts" path="/home/billy/Development/Growdev/semana-25.2-testes-tdd/backend/src/core/presentation/enums/mvc.enum.ts">
        <metrics statements="6" coveredstatements="6" conditionals="2" coveredconditionals="2" methods="1" coveredmethods="1"/>
        <line num="1" count="6" type="cond" truecount="2" falsecount="0"/>
        <line num="2" count="6" type="stmt"/>
        <line num="3" count="6" type="stmt"/>
        <line num="4" count="6" type="stmt"/>
        <line num="5" count="6" type="stmt"/>
        <line num="6" count="6" type="stmt"/>
      </file>
    </package>
    <package name="core.presentation.errors">
      <metrics statements="28" coveredstatements="28" conditionals="0" coveredconditionals="0" methods="7" coveredmethods="7"/>
      <file name="conflict.error.ts" path="/home/billy/Development/Growdev/semana-25.2-testes-tdd/backend/src/core/presentation/errors/conflict.error.ts">
        <metrics statements="3" coveredstatements="3" conditionals="0" coveredconditionals="0" methods="1" coveredmethods="1"/>
        <line num="1" count="6" type="stmt"/>
        <line num="3" count="6" type="stmt"/>
        <line num="4" count="6" type="stmt"/>
      </file>
      <file name="data-not-found.error.ts" path="/home/billy/Development/Growdev/semana-25.2-testes-tdd/backend/src/core/presentation/errors/data-not-found.error.ts">
        <metrics statements="3" coveredstatements="3" conditionals="0" coveredconditionals="0" methods="1" coveredmethods="1"/>
        <line num="1" count="6" type="stmt"/>
        <line num="3" count="19" type="stmt"/>
        <line num="4" count="19" type="stmt"/>
      </file>
      <file name="forbidden.error.ts" path="/home/billy/Development/Growdev/semana-25.2-testes-tdd/backend/src/core/presentation/errors/forbidden.error.ts">
        <metrics statements="3" coveredstatements="3" conditionals="0" coveredconditionals="0" methods="1" coveredmethods="1"/>
        <line num="1" count="6" type="stmt"/>
        <line num="3" count="5" type="stmt"/>
        <line num="4" count="5" type="stmt"/>
      </file>
      <file name="index.ts" path="/home/billy/Development/Growdev/semana-25.2-testes-tdd/backend/src/core/presentation/errors/index.ts">
        <metrics statements="7" coveredstatements="7" conditionals="0" coveredconditionals="0" methods="0" coveredmethods="0"/>
        <line num="1" count="6" type="stmt"/>
        <line num="2" count="6" type="stmt"/>
        <line num="3" count="6" type="stmt"/>
        <line num="4" count="6" type="stmt"/>
        <line num="5" count="6" type="stmt"/>
        <line num="6" count="6" type="stmt"/>
        <line num="7" count="6" type="stmt"/>
      </file>
      <file name="invalid-param.error.ts" path="/home/billy/Development/Growdev/semana-25.2-testes-tdd/backend/src/core/presentation/errors/invalid-param.error.ts">
        <metrics statements="3" coveredstatements="3" conditionals="0" coveredconditionals="0" methods="1" coveredmethods="1"/>
        <line num="1" count="6" type="stmt"/>
        <line num="3" count="2" type="stmt"/>
        <line num="4" count="2" type="stmt"/>
      </file>
      <file name="missing-param.error.ts" path="/home/billy/Development/Growdev/semana-25.2-testes-tdd/backend/src/core/presentation/errors/missing-param.error.ts">
        <metrics statements="3" coveredstatements="3" conditionals="0" coveredconditionals="0" methods="1" coveredmethods="1"/>
        <line num="1" count="6" type="stmt"/>
        <line num="3" count="6" type="stmt"/>
        <line num="4" count="6" type="stmt"/>
      </file>
      <file name="server.error.ts" path="/home/billy/Development/Growdev/semana-25.2-testes-tdd/backend/src/core/presentation/errors/server.error.ts">
        <metrics statements="3" coveredstatements="3" conditionals="0" coveredconditionals="0" methods="1" coveredmethods="1"/>
        <line num="1" count="6" type="stmt"/>
        <line num="3" count="14" type="stmt"/>
        <line num="4" count="14" type="stmt"/>
      </file>
      <file name="unauthorized.error.ts" path="/home/billy/Development/Growdev/semana-25.2-testes-tdd/backend/src/core/presentation/errors/unauthorized.error.ts">
        <metrics statements="3" coveredstatements="3" conditionals="0" coveredconditionals="0" methods="1" coveredmethods="1"/>
        <line num="1" count="6" type="stmt"/>
        <line num="3" count="10" type="stmt"/>
        <line num="4" count="10" type="stmt"/>
      </file>
    </package>
    <package name="core.presentation.helpers">
      <metrics statements="9" coveredstatements="9" conditionals="0" coveredconditionals="0" methods="7" coveredmethods="7"/>
      <file name="http.helper.ts" path="/home/billy/Development/Growdev/semana-25.2-testes-tdd/backend/src/core/presentation/helpers/http.helper.ts">
        <metrics statements="8" coveredstatements="8" conditionals="0" coveredconditionals="0" methods="7" coveredmethods="7"/>
        <line num="1" count="6" type="stmt"/>
        <line num="10" count="65" type="stmt"/>
        <line num="15" count="8" type="stmt"/>
        <line num="20" count="19" type="stmt"/>
        <line num="25" count="14" type="stmt"/>
        <line num="30" count="6" type="stmt"/>
        <line num="35" count="10" type="stmt"/>
        <line num="40" count="6" type="stmt"/>
      </file>
      <file name="index.ts" path="/home/billy/Development/Growdev/semana-25.2-testes-tdd/backend/src/core/presentation/helpers/index.ts">
        <metrics statements="1" coveredstatements="1" conditionals="0" coveredconditionals="0" methods="0" coveredmethods="0"/>
        <line num="1" count="6" type="stmt"/>
      </file>
    </package>
    <package name="core.presentation.models">
      <metrics statements="1" coveredstatements="1" conditionals="0" coveredconditionals="0" methods="0" coveredmethods="0"/>
      <file name="index.ts" path="/home/billy/Development/Growdev/semana-25.2-testes-tdd/backend/src/core/presentation/models/index.ts">
        <metrics statements="1" coveredstatements="1" conditionals="0" coveredconditionals="0" methods="0" coveredmethods="0"/>
        <line num="1" count="6" type="stmt"/>
      </file>
    </package>
    <package name="core.presentation.validators">
      <metrics statements="8" coveredstatements="8" conditionals="2" coveredconditionals="2" methods="2" coveredmethods="2"/>
      <file name="index.ts" path="/home/billy/Development/Growdev/semana-25.2-testes-tdd/backend/src/core/presentation/validators/index.ts">
        <metrics statements="1" coveredstatements="1" conditionals="0" coveredconditionals="0" methods="0" coveredmethods="0"/>
        <line num="1" count="6" type="stmt"/>
      </file>
      <file name="require-fields.validator.ts" path="/home/billy/Development/Growdev/semana-25.2-testes-tdd/backend/src/core/presentation/validators/require-fields.validator.ts">
        <metrics statements="7" coveredstatements="7" conditionals="2" coveredconditionals="2" methods="2" coveredmethods="2"/>
        <line num="1" count="6" type="stmt"/>
        <line num="3" count="6" type="stmt"/>
        <line num="4" count="27" type="stmt"/>
        <line num="7" count="27" type="stmt"/>
        <line num="11" count="27" type="cond" truecount="2" falsecount="0"/>
        <line num="12" count="6" type="stmt"/>
        <line num="15" count="21" type="stmt"/>
      </file>
    </package>
    <package name="features.scraps.infra">
      <metrics statements="2" coveredstatements="2" conditionals="0" coveredconditionals="0" methods="0" coveredmethods="0"/>
      <file name="index.ts" path="/home/billy/Development/Growdev/semana-25.2-testes-tdd/backend/src/features/scraps/infra/index.ts">
        <metrics statements="2" coveredstatements="2" conditionals="0" coveredconditionals="0" methods="0" coveredmethods="0"/>
        <line num="1" count="7" type="stmt"/>
        <line num="2" count="7" type="stmt"/>
      </file>
    </package>
    <package name="features.scraps.infra.repositories">
      <metrics statements="24" coveredstatements="24" conditionals="6" coveredconditionals="6" methods="6" coveredmethods="6"/>
      <file name="index.ts" path="/home/billy/Development/Growdev/semana-25.2-testes-tdd/backend/src/features/scraps/infra/repositories/index.ts">
        <metrics statements="1" coveredstatements="1" conditionals="0" coveredconditionals="0" methods="0" coveredmethods="0"/>
        <line num="1" count="7" type="stmt"/>
      </file>
      <file name="scrap.repository.ts" path="/home/billy/Development/Growdev/semana-25.2-testes-tdd/backend/src/features/scraps/infra/repositories/scrap.repository.ts">
        <metrics statements="23" coveredstatements="23" conditionals="6" coveredconditionals="6" methods="6" coveredmethods="6"/>
        <line num="1" count="7" type="stmt"/>
        <line num="4" count="7" type="stmt"/>
        <line num="6" count="3" type="stmt"/>
        <line num="8" count="3" type="stmt"/>
        <line num="14" count="3" type="stmt"/>
        <line num="18" count="4" type="stmt"/>
        <line num="26" count="4" type="stmt"/>
        <line num="33" count="4" type="stmt"/>
        <line num="38" count="4" type="cond" truecount="2" falsecount="0"/>
        <line num="39" count="3" type="stmt"/>
        <line num="42" count="1" type="stmt"/>
        <line num="49" count="4" type="stmt"/>
        <line num="51" count="4" type="stmt"/>
        <line num="56" count="4" type="cond" truecount="2" falsecount="0"/>
        <line num="57" count="1" type="stmt"/>
        <line num="60" count="3" type="stmt"/>
        <line num="61" count="3" type="stmt"/>
        <line num="63" count="3" type="stmt"/>
        <line num="65" count="3" type="stmt"/>
        <line num="71" count="3" type="stmt"/>
        <line num="73" count="3" type="cond" truecount="2" falsecount="0"/>
        <line num="74" count="1" type="stmt"/>
        <line num="77" count="2" type="stmt"/>
      </file>
    </package>
    <package name="features.scraps.presentation">
      <metrics statements="3" coveredstatements="3" conditionals="0" coveredconditionals="0" methods="0" coveredmethods="0"/>
      <file name="index.ts" path="/home/billy/Development/Growdev/semana-25.2-testes-tdd/backend/src/features/scraps/presentation/index.ts">
        <metrics statements="3" coveredstatements="3" conditionals="0" coveredconditionals="0" methods="0" coveredmethods="0"/>
        <line num="1" count="6" type="stmt"/>
        <line num="2" count="6" type="stmt"/>
        <line num="3" count="6" type="stmt"/>
      </file>
    </package>
    <package name="features.scraps.presentation.controllers">
      <metrics statements="63" coveredstatements="63" conditionals="10" coveredconditionals="10" methods="6" coveredmethods="6"/>
      <file name="index.ts" path="/home/billy/Development/Growdev/semana-25.2-testes-tdd/backend/src/features/scraps/presentation/controllers/index.ts">
        <metrics statements="1" coveredstatements="1" conditionals="0" coveredconditionals="0" methods="0" coveredmethods="0"/>
        <line num="1" count="6" type="stmt"/>
      </file>
      <file name="scrap.controller.ts" path="/home/billy/Development/Growdev/semana-25.2-testes-tdd/backend/src/features/scraps/presentation/controllers/scrap.controller.ts">
        <metrics statements="62" coveredstatements="62" conditionals="10" coveredconditionals="10" methods="6" coveredmethods="6"/>
        <line num="1" count="6" type="stmt"/>
        <line num="11" count="6" type="stmt"/>
        <line num="13" count="6" type="stmt"/>
        <line num="14" count="36" type="stmt"/>
        <line num="15" count="36" type="stmt"/>
        <line num="18" count="36" type="stmt"/>
        <line num="19" count="36" type="stmt"/>
        <line num="23" count="8" type="stmt"/>
        <line num="24" count="8" type="stmt"/>
        <line num="25" count="8" type="stmt"/>
        <line num="27" count="7" type="cond" truecount="2" falsecount="0"/>
        <line num="28" count="2" type="stmt"/>
        <line num="31" count="5" type="stmt"/>
        <line num="33" count="5" type="stmt"/>
        <line num="35" count="5" type="stmt"/>
        <line num="37" count="1" type="stmt"/>
        <line num="38" count="1" type="stmt"/>
        <line num="42" count="6" type="stmt"/>
        <line num="43" count="6" type="stmt"/>
        <line num="44" count="6" type="stmt"/>
        <line num="46" count="6" type="stmt"/>
        <line num="48" count="6" type="stmt"/>
        <line num="50" count="5" type="stmt"/>
        <line num="52" count="1" type="stmt"/>
        <line num="53" count="1" type="stmt"/>
        <line num="58" count="9" type="stmt"/>
        <line num="59" count="9" type="stmt"/>
        <line num="60" count="9" type="stmt"/>
        <line num="62" count="9" type="stmt"/>
        <line num="64" count="8" type="cond" truecount="2" falsecount="0"/>
        <line num="65" count="1" type="stmt"/>
        <line num="68" count="7" type="stmt"/>
        <line num="70" count="7" type="cond" truecount="2" falsecount="0"/>
        <line num="71" count="5" type="stmt"/>
        <line num="74" count="2" type="stmt"/>
        <line num="75" count="2" type="stmt"/>
        <line num="77" count="1" type="stmt"/>
        <line num="78" count="1" type="stmt"/>
        <line num="82" count="8" type="stmt"/>
        <line num="83" count="8" type="stmt"/>
        <line num="84" count="8" type="stmt"/>
        <line num="86" count="8" type="stmt"/>
        <line num="88" count="7" type="cond" truecount="2" falsecount="0"/>
        <line num="89" count="3" type="stmt"/>
        <line num="92" count="4" type="stmt"/>
        <line num="94" count="4" type="stmt"/>
        <line num="95" count="4" type="stmt"/>
        <line num="97" count="4" type="stmt"/>
        <line num="99" count="1" type="stmt"/>
        <line num="100" count="1" type="stmt"/>
        <line num="104" count="9" type="stmt"/>
        <line num="105" count="9" type="stmt"/>
        <line num="106" count="9" type="stmt"/>
        <line num="108" count="9" type="stmt"/>
        <line num="110" count="8" type="cond" truecount="2" falsecount="0"/>
        <line num="111" count="4" type="stmt"/>
        <line num="114" count="4" type="stmt"/>
        <line num="116" count="4" type="stmt"/>
        <line num="117" count="4" type="stmt"/>
        <line num="119" count="4" type="stmt"/>
        <line num="121" count="1" type="stmt"/>
        <line num="122" count="1" type="stmt"/>
      </file>
    </package>
    <package name="features.scraps.presentation.middlewares">
      <metrics statements="30" coveredstatements="30" conditionals="8" coveredconditionals="8" methods="4" coveredmethods="4"/>
      <file name="index.ts" path="/home/billy/Development/Growdev/semana-25.2-testes-tdd/backend/src/features/scraps/presentation/middlewares/index.ts">
        <metrics statements="1" coveredstatements="1" conditionals="0" coveredconditionals="0" methods="0" coveredmethods="0"/>
        <line num="1" count="6" type="stmt"/>
      </file>
      <file name="scrap.middleware.ts" path="/home/billy/Development/Growdev/semana-25.2-testes-tdd/backend/src/features/scraps/presentation/middlewares/scrap.middleware.ts">
        <metrics statements="9" coveredstatements="9" conditionals="2" coveredconditionals="2" methods="2" coveredmethods="2"/>
        <line num="1" count="6" type="stmt"/>
        <line num="10" count="6" type="stmt"/>
        <line num="11" count="2" type="stmt"/>
        <line num="14" count="6" type="stmt"/>
        <line num="16" count="6" type="stmt"/>
        <line num="17" count="11" type="stmt"/>
        <line num="19" count="11" type="cond" truecount="2" falsecount="0"/>
        <line num="20" count="2" type="stmt"/>
        <line num="24" count="4" type="stmt"/>
      </file>
      <file name="user-auth.middleware.ts" path="/home/billy/Development/Growdev/semana-25.2-testes-tdd/backend/src/features/scraps/presentation/middlewares/user-auth.middleware.ts">
        <metrics statements="12" coveredstatements="12" conditionals="4" coveredconditionals="4" methods="1" coveredmethods="1"/>
        <line num="1" count="6" type="stmt"/>
        <line num="7" count="6" type="stmt"/>
        <line num="15" count="6" type="stmt"/>
        <line num="17" count="5" type="stmt"/>
        <line num="18" count="5" type="stmt"/>
        <line num="21" count="2" type="cond" truecount="2" falsecount="0"/>
        <line num="22" count="1" type="stmt"/>
        <line num="25" count="1" type="cond" truecount="2" falsecount="0"/>
        <line num="27" count="1" type="stmt"/>
        <line num="28" count="1" type="stmt"/>
        <line num="30" count="1" type="stmt"/>
        <line num="32" count="3" type="stmt"/>
      </file>
      <file name="uuid-validator.middleware.ts" path="/home/billy/Development/Growdev/semana-25.2-testes-tdd/backend/src/features/scraps/presentation/middlewares/uuid-validator.middleware.ts">
        <metrics statements="8" coveredstatements="8" conditionals="2" coveredconditionals="2" methods="1" coveredmethods="1"/>
        <line num="1" count="6" type="stmt"/>
        <line num="8" count="6" type="stmt"/>
        <line num="10" count="6" type="stmt"/>
        <line num="12" count="6" type="stmt"/>
        <line num="13" count="6" type="stmt"/>
        <line num="15" count="6" type="cond" truecount="2" falsecount="0"/>
        <line num="16" count="2" type="stmt"/>
        <line num="19" count="4" type="stmt"/>
      </file>
    </package>
    <package name="features.scraps.presentation.routes">
      <metrics statements="16" coveredstatements="16" conditionals="0" coveredconditionals="0" methods="2" coveredmethods="2"/>
      <file name="routes.ts" path="/home/billy/Development/Growdev/semana-25.2-testes-tdd/backend/src/features/scraps/presentation/routes/routes.ts">
        <metrics statements="16" coveredstatements="16" conditionals="0" coveredconditionals="0" methods="2" coveredmethods="2"/>
        <line num="2" count="6" type="stmt"/>
        <line num="8" count="6" type="stmt"/>
        <line num="9" count="6" type="stmt"/>
        <line num="10" count="6" type="stmt"/>
        <line num="11" count="6" type="stmt"/>
        <line num="12" count="6" type="stmt"/>
        <line num="14" count="6" type="stmt"/>
        <line num="15" count="5" type="stmt"/>
        <line num="16" count="5" type="stmt"/>
        <line num="18" count="5" type="stmt"/>
        <line num="21" count="6" type="stmt"/>
        <line num="23" count="1" type="stmt"/>
        <line num="29" count="1" type="stmt"/>
        <line num="38" count="1" type="stmt"/>
        <line num="47" count="1" type="stmt"/>
        <line num="57" count="1" type="stmt"/>
      </file>
    </package>
    <package name="features.users.infra">
      <metrics statements="2" coveredstatements="2" conditionals="0" coveredconditionals="0" methods="0" coveredmethods="0"/>
      <file name="index.ts" path="/home/billy/Development/Growdev/semana-25.2-testes-tdd/backend/src/features/users/infra/index.ts">
        <metrics statements="2" coveredstatements="2" conditionals="0" coveredconditionals="0" methods="0" coveredmethods="0"/>
        <line num="1" count="7" type="stmt"/>
        <line num="2" count="7" type="stmt"/>
      </file>
    </package>
    <package name="features.users.infra.repositories">
      <metrics statements="24" coveredstatements="24" conditionals="6" coveredconditionals="6" methods="6" coveredmethods="6"/>
      <file name="index.ts" path="/home/billy/Development/Growdev/semana-25.2-testes-tdd/backend/src/features/users/infra/repositories/index.ts">
        <metrics statements="1" coveredstatements="1" conditionals="0" coveredconditionals="0" methods="0" coveredmethods="0"/>
        <line num="1" count="7" type="stmt"/>
      </file>
      <file name="user.repository.ts" path="/home/billy/Development/Growdev/semana-25.2-testes-tdd/backend/src/features/users/infra/repositories/user.repository.ts">
        <metrics statements="23" coveredstatements="23" conditionals="6" coveredconditionals="6" methods="6" coveredmethods="6"/>
        <line num="1" count="7" type="stmt"/>
        <line num="4" count="7" type="stmt"/>
        <line num="6" count="7" type="stmt"/>
        <line num="8" count="7" type="stmt"/>
        <line num="13" count="7" type="stmt"/>
        <line num="20" count="2" type="stmt"/>
        <line num="22" count="2" type="stmt"/>
        <line num="30" count="10" type="stmt"/>
        <line num="37" count="10" type="cond" truecount="2" falsecount="0"/>
        <line num="38" count="5" type="stmt"/>
        <line num="41" count="5" type="stmt"/>
        <line num="50" count="3" type="stmt"/>
        <line num="52" count="3" type="stmt"/>
        <line num="54" count="3" type="cond" truecount="2" falsecount="0"/>
        <line num="55" count="1" type="stmt"/>
        <line num="58" count="2" type="stmt"/>
        <line num="59" count="2" type="stmt"/>
        <line num="61" count="2" type="stmt"/>
        <line num="63" count="2" type="stmt"/>
        <line num="70" count="2" type="stmt"/>
        <line num="72" count="2" type="cond" truecount="2" falsecount="0"/>
        <line num="73" count="1" type="stmt"/>
        <line num="76" count="1" type="stmt"/>
      </file>
    </package>
    <package name="features.users.presentation">
      <metrics statements="3" coveredstatements="3" conditionals="0" coveredconditionals="0" methods="0" coveredmethods="0"/>
      <file name="index.ts" path="/home/billy/Development/Growdev/semana-25.2-testes-tdd/backend/src/features/users/presentation/index.ts">
        <metrics statements="3" coveredstatements="3" conditionals="0" coveredconditionals="0" methods="0" coveredmethods="0"/>
        <line num="1" count="1" type="stmt"/>
        <line num="2" count="1" type="stmt"/>
        <line num="3" count="1" type="stmt"/>
      </file>
    </package>
    <package name="features.users.presentation.controllers">
      <metrics statements="42" coveredstatements="42" conditionals="10" coveredconditionals="10" methods="8" coveredmethods="8"/>
      <file name="auth-user.controller.ts" path="/home/billy/Development/Growdev/semana-25.2-testes-tdd/backend/src/features/users/presentation/controllers/auth-user.controller.ts">
        <metrics statements="19" coveredstatements="19" conditionals="6" coveredconditionals="6" methods="2" coveredmethods="2"/>
        <line num="1" count="6" type="stmt"/>
        <line num="11" count="6" type="stmt"/>
        <line num="12" count="6" type="stmt"/>
        <line num="14" count="6" type="stmt"/>
        <line num="15" count="5" type="stmt"/>
        <line num="18" count="5" type="stmt"/>
        <line num="22" count="7" type="stmt"/>
        <line num="23" count="7" type="stmt"/>
        <line num="25" count="7" type="stmt"/>
        <line num="27" count="6" type="cond" truecount="2" falsecount="0"/>
        <line num="28" count="2" type="stmt"/>
        <line num="31" count="4" type="cond" truecount="2" falsecount="0"/>
        <line num="33" count="4" type="stmt"/>
        <line num="35" count="4" type="cond" truecount="2" falsecount="0"/>
        <line num="36" count="2" type="stmt"/>
        <line num="39" count="2" type="stmt"/>
        <line num="41" count="2" type="stmt"/>
        <line num="43" count="1" type="stmt"/>
        <line num="44" count="1" type="stmt"/>
      </file>
      <file name="index.ts" path="/home/billy/Development/Growdev/semana-25.2-testes-tdd/backend/src/features/users/presentation/controllers/index.ts">
        <metrics statements="1" coveredstatements="1" conditionals="0" coveredconditionals="0" methods="0" coveredmethods="0"/>
        <line num="1" count="6" type="stmt"/>
      </file>
      <file name="user.controller.ts" path="/home/billy/Development/Growdev/semana-25.2-testes-tdd/backend/src/features/users/presentation/controllers/user.controller.ts">
        <metrics statements="22" coveredstatements="22" conditionals="4" coveredconditionals="4" methods="6" coveredmethods="6"/>
        <line num="1" count="6" type="stmt"/>
        <line num="11" count="6" type="stmt"/>
        <line num="12" count="11" type="stmt"/>
        <line num="15" count="11" type="stmt"/>
        <line num="19" count="5" type="stmt"/>
        <line num="20" count="5" type="stmt"/>
        <line num="22" count="4" type="cond" truecount="2" falsecount="0"/>
        <line num="23" count="2" type="stmt"/>
        <line num="26" count="2" type="stmt"/>
        <line num="28" count="2" type="stmt"/>
        <line num="30" count="1" type="stmt"/>
        <line num="31" count="1" type="stmt"/>
        <line num="36" count="5" type="stmt"/>
        <line num="37" count="5" type="stmt"/>
        <line num="39" count="4" type="cond" truecount="2" falsecount="0"/>
        <line num="40" count="2" type="stmt"/>
        <line num="43" count="2" type="stmt"/>
        <line num="45" count="1" type="stmt"/>
        <line num="46" count="1" type="stmt"/>
        <line num="51" count="1" type="stmt"/>
        <line num="54" count="1" type="stmt"/>
        <line num="57" count="1" type="stmt"/>
      </file>
    </package>
    <package name="features.users.presentation.middlewares">
      <metrics statements="10" coveredstatements="10" conditionals="2" coveredconditionals="2" methods="2" coveredmethods="2"/>
      <file name="index.ts" path="/home/billy/Development/Growdev/semana-25.2-testes-tdd/backend/src/features/users/presentation/middlewares/index.ts">
        <metrics statements="1" coveredstatements="1" conditionals="0" coveredconditionals="0" methods="0" coveredmethods="0"/>
        <line num="1" count="6" type="stmt"/>
      </file>
      <file name="user-fields.middleware.ts" path="/home/billy/Development/Growdev/semana-25.2-testes-tdd/backend/src/features/users/presentation/middlewares/user-fields.middleware.ts">
        <metrics statements="9" coveredstatements="9" conditionals="2" coveredconditionals="2" methods="2" coveredmethods="2"/>
        <line num="1" count="6" type="stmt"/>
        <line num="10" count="6" type="stmt"/>
        <line num="11" count="2" type="stmt"/>
        <line num="14" count="9" type="stmt"/>
        <line num="16" count="9" type="stmt"/>
        <line num="17" count="16" type="stmt"/>
        <line num="19" count="16" type="cond" truecount="2" falsecount="0"/>
        <line num="20" count="4" type="stmt"/>
        <line num="24" count="5" type="stmt"/>
      </file>
    </package>
    <package name="features.users.presentation.routes">
      <metrics statements="12" coveredstatements="12" conditionals="0" coveredconditionals="0" methods="2" coveredmethods="2"/>
      <file name="routes.ts" path="/home/billy/Development/Growdev/semana-25.2-testes-tdd/backend/src/features/users/presentation/routes/routes.ts">
        <metrics statements="12" coveredstatements="12" conditionals="0" coveredconditionals="0" methods="2" coveredmethods="2"/>
        <line num="2" count="6" type="stmt"/>
        <line num="8" count="6" type="stmt"/>
        <line num="9" count="6" type="stmt"/>
        <line num="10" count="6" type="stmt"/>
        <line num="11" count="6" type="stmt"/>
        <line num="13" count="6" type="stmt"/>
        <line num="14" count="2" type="stmt"/>
        <line num="16" count="2" type="stmt"/>
        <line num="19" count="6" type="stmt"/>
        <line num="21" count="1" type="stmt"/>
        <line num="26" count="1" type="stmt"/>
        <line num="32" count="1" type="stmt"/>
      </file>
    </package>
  </project>
</coverage>
