{"/home/billy/Development/Growdev/semana-25.2-testes-tdd/backend/src/core/infra/index.ts": {"path":"/home/billy/Development/Growdev/semana-25.2-testes-tdd/backend/src/core/infra/index.ts","statementMap":{"0":{"start":{"line":2,"column":0},"end":{"line":2,"column":44}},"1":{"start":{"line":3,"column":0},"end":{"line":3,"column":41}},"2":{"start":{"line":4,"column":0},"end":{"line":4,"column":31}}},"fnMap":{},"branchMap":{},"s":{"0":11,"1":11,"2":11},"f":{},"b":{}}
,"/home/billy/Development/Growdev/semana-25.2-testes-tdd/backend/src/core/infra/data/connections/database.ts": {"path":"/home/billy/Development/Growdev/semana-25.2-testes-tdd/backend/src/core/infra/data/connections/database.ts","statementMap":{"0":{"start":{"line":1,"column":0},"end":{"line":1,"column":55}},"1":{"start":{"line":7,"column":4},"end":{"line":9,"column":null}},"2":{"start":{"line":8,"column":6},"end":{"line":8,"column":48}},"3":{"start":{"line":10,"column":4},"end":{"line":10,"column":31}},"4":{"start":{"line":14,"column":4},"end":{"line":17,"column":null}},"5":{"start":{"line":15,"column":6},"end":{"line":15,"column":53}},"6":{"start":{"line":16,"column":6},"end":{"line":16,"column":43}},"7":{"start":{"line":21,"column":4},"end":{"line":23,"column":null}},"8":{"start":{"line":22,"column":6},"end":{"line":22,"column":48}},"9":{"start":{"line":25,"column":4},"end":{"line":25,"column":38}},"10":{"start":{"line":29,"column":4},"end":{"line":29,"column":37}},"11":{"start":{"line":3,"column":0},"end":{"line":3,"column":21}}},"fnMap":{"0":{"name":"(anonymous_0)","decl":{"start":{"line":6,"column":9},"end":{"line":6,"column":15}},"loc":{"start":{"line":6,"column":29},"end":{"line":11,"column":3}}},"1":{"name":"(anonymous_1)","decl":{"start":{"line":13,"column":9},"end":{"line":13,"column":14}},"loc":{"start":{"line":13,"column":29},"end":{"line":18,"column":3}}},"2":{"name":"(anonymous_2)","decl":{"start":{"line":20,"column":9},"end":{"line":20,"column":14}},"loc":{"start":{"line":20,"column":33},"end":{"line":26,"column":3}}},"3":{"name":"(anonymous_3)","decl":{"start":{"line":28,"column":2},"end":{"line":28,"column":13}},"loc":{"start":{"line":28,"column":53},"end":{"line":30,"column":3}}}},"branchMap":{"0":{"loc":{"start":{"line":7,"column":4},"end":{"line":9,"column":null}},"type":"if","locations":[{"start":{"line":7,"column":4},"end":{"line":9,"column":null}},{"start":{"line":7,"column":4},"end":{"line":9,"column":null}}]},"1":{"loc":{"start":{"line":14,"column":4},"end":{"line":17,"column":null}},"type":"if","locations":[{"start":{"line":14,"column":4},"end":{"line":17,"column":null}},{"start":{"line":14,"column":4},"end":{"line":17,"column":null}}]},"2":{"loc":{"start":{"line":21,"column":4},"end":{"line":23,"column":null}},"type":"if","locations":[{"start":{"line":21,"column":4},"end":{"line":23,"column":null}},{"start":{"line":21,"column":4},"end":{"line":23,"column":null}}]}},"s":{"0":12,"1":2,"2":1,"3":1,"4":6,"5":5,"6":5,"7":6,"8":1,"9":5,"10":1,"11":12},"f":{"0":2,"1":6,"2":6,"3":1},"b":{"0":[1,1],"1":[5,1],"2":[1,5]}}
,"/home/billy/Development/Growdev/semana-25.2-testes-tdd/backend/src/core/infra/data/connections/redis.ts": {"path":"/home/billy/Development/Growdev/semana-25.2-testes-tdd/backend/src/core/infra/data/connections/redis.ts","statementMap":{"0":{"start":{"line":1,"column":0},"end":{"line":1,"column":23}},"1":{"start":{"line":2,"column":0},"end":{"line":2,"column":30}},"2":{"start":{"line":8,"column":4},"end":{"line":10,"column":null}},"3":{"start":{"line":9,"column":6},"end":{"line":9,"column":39}},"4":{"start":{"line":11,"column":4},"end":{"line":11,"column":28}},"5":{"start":{"line":15,"column":4},"end":{"line":17,"column":null}},"6":{"start":{"line":16,"column":6},"end":{"line":16,"column":61}},"7":{"start":{"line":4,"column":0},"end":{"line":4,"column":13}},"8":{"start":{"line":5,"column":2},"end":{"line":5,"column":36}}},"fnMap":{"0":{"name":"(anonymous_3)","decl":{"start":{"line":7,"column":9},"end":{"line":7,"column":15}},"loc":{"start":{"line":7,"column":29},"end":{"line":12,"column":3}}},"1":{"name":"(anonymous_4)","decl":{"start":{"line":14,"column":9},"end":{"line":14,"column":23}},"loc":{"start":{"line":14,"column":23},"end":{"line":18,"column":3}}}},"branchMap":{"0":{"loc":{"start":{"line":8,"column":4},"end":{"line":10,"column":null}},"type":"if","locations":[{"start":{"line":8,"column":4},"end":{"line":10,"column":null}},{"start":{"line":8,"column":4},"end":{"line":10,"column":null}}]},"1":{"loc":{"start":{"line":15,"column":4},"end":{"line":17,"column":null}},"type":"if","locations":[{"start":{"line":15,"column":4},"end":{"line":17,"column":null}},{"start":{"line":15,"column":4},"end":{"line":17,"column":null}}]}},"s":{"0":10,"1":10,"2":5,"3":1,"4":5,"5":1,"6":1,"7":10,"8":10},"f":{"0":5,"1":1},"b":{"0":[1,4],"1":[1,0]}}
,"/home/billy/Development/Growdev/semana-25.2-testes-tdd/backend/src/core/infra/data/database/entities/index.ts": {"path":"/home/billy/Development/Growdev/semana-25.2-testes-tdd/backend/src/core/infra/data/database/entities/index.ts","statementMap":{"0":{"start":{"line":1,"column":0},"end":{"line":1,"column":31}},"1":{"start":{"line":2,"column":0},"end":{"line":2,"column":30}}},"fnMap":{},"branchMap":{},"s":{"0":12,"1":12},"f":{},"b":{}}
,"/home/billy/Development/Growdev/semana-25.2-testes-tdd/backend/src/core/infra/data/database/entities/scrap.entity.ts": {"path":"/home/billy/Development/Growdev/semana-25.2-testes-tdd/backend/src/core/infra/data/database/entities/scrap.entity.ts","statementMap":{"0":{"start":{"line":1,"column":0},"end":{"line":1,"column":null}},"1":{"start":{"line":13,"column":0},"end":{"line":13,"column":34}},"2":{"start":{"line":14,"column":0},"end":{"line":14,"column":43}},"3":{"start":{"line":17,"column":0},"end":{"line":51,"column":null}},"4":{"start":{"line":41,"column":10},"end":{"line":45,"column":4}},"5":{"start":{"line":42,"column":4},"end":{"line":42,"column":22}},"6":{"start":{"line":43,"column":4},"end":{"line":43,"column":56}},"7":{"start":{"line":44,"column":4},"end":{"line":44,"column":56}},"8":{"start":{"line":48,"column":10},"end":{"line":50,"column":4}},"9":{"start":{"line":49,"column":4},"end":{"line":49,"column":56}},"10":{"start":{"line":19,"column":2},"end":{"line":19,"column":null}},"11":{"start":{"line":22,"column":2},"end":{"line":22,"column":null}},"12":{"start":{"line":25,"column":2},"end":{"line":25,"column":null}},"13":{"start":{"line":28,"column":2},"end":{"line":28,"column":null}},"14":{"start":{"line":31,"column":2},"end":{"line":31,"column":null}},"15":{"start":{"line":34,"column":2},"end":{"line":34,"column":null}},"16":{"start":{"line":38,"column":2},"end":{"line":38,"column":null}},"17":{"start":{"line":36,"column":19},"end":{"line":36,"column":29}},"18":{"start":{"line":36,"column":39},"end":{"line":36,"column":50}},"19":{"start":{"line":41,"column":2},"end":{"line":45,"column":null}},"20":{"start":{"line":48,"column":2},"end":{"line":50,"column":null}},"21":{"start":{"line":17,"column":13},"end":{"line":51,"column":null}},"22":{"start":{"line":17,"column":13},"end":{"line":17,"column":24}},"23":{"start":{"line":54,"column":2},"end":{"line":54,"column":56}}},"fnMap":{"0":{"name":"(anonymous_2)","decl":{"start":{"line":17,"column":0},"end":{"line":17,"column":13}},"loc":{"start":{"line":17,"column":0},"end":{"line":51,"column":1}}},"1":{"name":"(anonymous_3)","decl":{"start":{"line":41,"column":25},"end":{"line":41,"column":28}},"loc":{"start":{"line":41,"column":30},"end":{"line":45,"column":3}}},"2":{"name":"(anonymous_4)","decl":{"start":{"line":48,"column":25},"end":{"line":48,"column":28}},"loc":{"start":{"line":48,"column":30},"end":{"line":50,"column":3}}},"3":{"name":"(anonymous_5)","decl":{"start":{"line":36,"column":13},"end":{"line":36,"column":16}},"loc":{"start":{"line":36,"column":19},"end":{"line":36,"column":29}}},"4":{"name":"(anonymous_6)","decl":{"start":{"line":36,"column":31},"end":{"line":36,"column":35}},"loc":{"start":{"line":36,"column":39},"end":{"line":36,"column":50}}},"5":{"name":"formatDateToBrasilTime","decl":{"start":{"line":53,"column":9},"end":{"line":53,"column":31}},"loc":{"start":{"line":53,"column":31},"end":{"line":55,"column":1}}}},"branchMap":{},"s":{"0":12,"1":12,"2":12,"3":12,"4":36,"5":12,"6":12,"7":12,"8":36,"9":2,"10":12,"11":12,"12":12,"13":12,"14":12,"15":12,"16":12,"17":5,"18":5,"19":12,"20":12,"21":12,"22":12,"23":26},"f":{"0":36,"1":12,"2":2,"3":5,"4":5,"5":26},"b":{}}
,"/home/billy/Development/Growdev/semana-25.2-testes-tdd/backend/src/core/infra/data/database/entities/user.entity.ts": {"path":"/home/billy/Development/Growdev/semana-25.2-testes-tdd/backend/src/core/infra/data/database/entities/user.entity.ts","statementMap":{"0":{"start":{"line":1,"column":0},"end":{"line":1,"column":null}},"1":{"start":{"line":12,"column":0},"end":{"line":12,"column":34}},"2":{"start":{"line":13,"column":0},"end":{"line":13,"column":28}},"3":{"start":{"line":14,"column":0},"end":{"line":14,"column":45}},"4":{"start":{"line":17,"column":0},"end":{"line":49,"column":null}},"5":{"start":{"line":37,"column":10},"end":{"line":42,"column":4}},"6":{"start":{"line":38,"column":4},"end":{"line":38,"column":22}},"7":{"start":{"line":39,"column":4},"end":{"line":39,"column":57}},"8":{"start":{"line":40,"column":4},"end":{"line":40,"column":56}},"9":{"start":{"line":41,"column":4},"end":{"line":41,"column":56}},"10":{"start":{"line":45,"column":10},"end":{"line":48,"column":4}},"11":{"start":{"line":46,"column":4},"end":{"line":46,"column":57}},"12":{"start":{"line":47,"column":4},"end":{"line":47,"column":56}},"13":{"start":{"line":19,"column":2},"end":{"line":19,"column":null}},"14":{"start":{"line":22,"column":2},"end":{"line":22,"column":null}},"15":{"start":{"line":25,"column":2},"end":{"line":25,"column":null}},"16":{"start":{"line":28,"column":2},"end":{"line":28,"column":null}},"17":{"start":{"line":31,"column":2},"end":{"line":31,"column":null}},"18":{"start":{"line":34,"column":2},"end":{"line":34,"column":null}},"19":{"start":{"line":33,"column":19},"end":{"line":33,"column":30}},"20":{"start":{"line":33,"column":41},"end":{"line":33,"column":51}},"21":{"start":{"line":37,"column":2},"end":{"line":42,"column":null}},"22":{"start":{"line":45,"column":2},"end":{"line":48,"column":null}},"23":{"start":{"line":17,"column":13},"end":{"line":49,"column":null}},"24":{"start":{"line":17,"column":13},"end":{"line":17,"column":23}},"25":{"start":{"line":52,"column":2},"end":{"line":52,"column":56}}},"fnMap":{"0":{"name":"(anonymous_3)","decl":{"start":{"line":17,"column":0},"end":{"line":17,"column":13}},"loc":{"start":{"line":17,"column":0},"end":{"line":49,"column":1}}},"1":{"name":"(anonymous_4)","decl":{"start":{"line":37,"column":25},"end":{"line":37,"column":30}},"loc":{"start":{"line":37,"column":36},"end":{"line":42,"column":3}}},"2":{"name":"(anonymous_5)","decl":{"start":{"line":45,"column":25},"end":{"line":45,"column":30}},"loc":{"start":{"line":45,"column":36},"end":{"line":48,"column":3}}},"3":{"name":"(anonymous_6)","decl":{"start":{"line":33,"column":13},"end":{"line":33,"column":16}},"loc":{"start":{"line":33,"column":19},"end":{"line":33,"column":30}}},"4":{"name":"(anonymous_7)","decl":{"start":{"line":33,"column":32},"end":{"line":33,"column":37}},"loc":{"start":{"line":33,"column":41},"end":{"line":33,"column":51}}},"5":{"name":"formatDateToBrasilTime","decl":{"start":{"line":51,"column":9},"end":{"line":51,"column":31}},"loc":{"start":{"line":51,"column":31},"end":{"line":53,"column":1}}}},"branchMap":{},"s":{"0":12,"1":12,"2":12,"3":12,"4":12,"5":59,"6":36,"7":36,"8":36,"9":36,"10":59,"11":2,"12":2,"13":12,"14":12,"15":12,"16":12,"17":12,"18":12,"19":5,"20":5,"21":12,"22":12,"23":12,"24":12,"25":74},"f":{"0":59,"1":36,"2":2,"3":5,"4":5,"5":74},"b":{}}
,"/home/billy/Development/Growdev/semana-25.2-testes-tdd/backend/src/core/infra/repositories/cache.repository.ts": {"path":"/home/billy/Development/Growdev/semana-25.2-testes-tdd/backend/src/core/infra/repositories/cache.repository.ts","statementMap":{"0":{"start":{"line":2,"column":0},"end":{"line":2,"column":50}},"1":{"start":{"line":8,"column":4},"end":{"line":8,"column":39}},"2":{"start":{"line":12,"column":4},"end":{"line":12,"column":60}},"3":{"start":{"line":20,"column":4},"end":{"line":20,"column":67}},"4":{"start":{"line":24,"column":18},"end":{"line":24,"column":43}},"5":{"start":{"line":26,"column":4},"end":{"line":26,"column":44}},"6":{"start":{"line":30,"column":19},"end":{"line":30,"column":44}},"7":{"start":{"line":32,"column":4},"end":{"line":32,"column":24}},"8":{"start":{"line":4,"column":0},"end":{"line":4,"column":13}}},"fnMap":{"0":{"name":"(anonymous_0)","decl":{"start":{"line":7,"column":2},"end":{"line":7,"column":null}},"loc":{"start":{"line":7,"column":2},"end":{"line":9,"column":3}}},"1":{"name":"(anonymous_1)","decl":{"start":{"line":11,"column":9},"end":{"line":11,"column":14}},"loc":{"start":{"line":11,"column":42},"end":{"line":13,"column":3}}},"2":{"name":"(anonymous_2)","decl":{"start":{"line":15,"column":9},"end":{"line":15,"column":14}},"loc":{"start":{"line":18,"column":15},"end":{"line":21,"column":3}}},"3":{"name":"(anonymous_3)","decl":{"start":{"line":23,"column":9},"end":{"line":23,"column":14}},"loc":{"start":{"line":23,"column":30},"end":{"line":27,"column":3}}},"4":{"name":"(anonymous_4)","decl":{"start":{"line":29,"column":9},"end":{"line":29,"column":14}},"loc":{"start":{"line":29,"column":30},"end":{"line":33,"column":3}}}},"branchMap":{"0":{"loc":{"start":{"line":26,"column":19},"end":{"line":26,"column":36}},"type":"cond-expr","locations":[{"start":{"line":26,"column":19},"end":{"line":26,"column":36}},{"start":{"line":26,"column":39},"end":{"line":26,"column":43}}]}},"s":{"0":10,"1":5,"2":0,"3":0,"4":0,"5":0,"6":0,"7":0,"8":10},"f":{"0":5,"1":0,"2":0,"3":0,"4":0},"b":{"0":[0,0]}}
,"/home/billy/Development/Growdev/semana-25.2-testes-tdd/backend/src/core/infra/repositories/index.ts": {"path":"/home/billy/Development/Growdev/semana-25.2-testes-tdd/backend/src/core/infra/repositories/index.ts","statementMap":{"0":{"start":{"line":1,"column":0},"end":{"line":1,"column":35}}},"fnMap":{},"branchMap":{},"s":{"0":11},"f":{},"b":{}}
,"/home/billy/Development/Growdev/semana-25.2-testes-tdd/backend/src/core/presentation/app.ts": {"path":"/home/billy/Development/Growdev/semana-25.2-testes-tdd/backend/src/core/presentation/app.ts","statementMap":{"0":{"start":{"line":1,"column":0},"end":{"line":1,"column":24}},"1":{"start":{"line":2,"column":0},"end":{"line":2,"column":61}},"2":{"start":{"line":3,"column":0},"end":{"line":3,"column":75}},"3":{"start":{"line":4,"column":0},"end":{"line":4,"column":73}},"4":{"start":{"line":7,"column":2},"end":{"line":7,"column":41}},"5":{"start":{"line":10,"column":4},"end":{"line":10,"column":30}},"6":{"start":{"line":14,"column":4},"end":{"line":14,"column":25}},"7":{"start":{"line":18,"column":4},"end":{"line":18,"column":18}},"8":{"start":{"line":19,"column":4},"end":{"line":19,"column":18}},"9":{"start":{"line":23,"column":4},"end":{"line":23,"column":30}},"10":{"start":{"line":24,"column":4},"end":{"line":24,"column":63}},"11":{"start":{"line":25,"column":4},"end":{"line":25,"column":38}},"12":{"start":{"line":29,"column":19},"end":{"line":29,"column":27}},"13":{"start":{"line":31,"column":4},"end":{"line":33,"column":7}},"14":{"start":{"line":32,"column":6},"end":{"line":32,"column":39}},"15":{"start":{"line":35,"column":4},"end":{"line":35,"column":38}},"16":{"start":{"line":37,"column":4},"end":{"line":39,"column":7}},"17":{"start":{"line":38,"column":6},"end":{"line":38,"column":63}},"18":{"start":{"line":41,"column":4},"end":{"line":41,"column":35}},"19":{"start":{"line":42,"column":4},"end":{"line":42,"column":34}},"20":{"start":{"line":46,"column":4},"end":{"line":48,"column":7}},"21":{"start":{"line":47,"column":6},"end":{"line":47,"column":67}},"22":{"start":{"line":6,"column":0},"end":{"line":6,"column":21}}},"fnMap":{"0":{"name":"(anonymous_9)","decl":{"start":{"line":9,"column":2},"end":{"line":9,"column":null}},"loc":{"start":{"line":9,"column":2},"end":{"line":11,"column":3}}},"1":{"name":"(anonymous_10)","decl":{"start":{"line":13,"column":2},"end":{"line":13,"column":13}},"loc":{"start":{"line":13,"column":19},"end":{"line":15,"column":3}}},"2":{"name":"(anonymous_11)","decl":{"start":{"line":17,"column":9},"end":{"line":17,"column":13}},"loc":{"start":{"line":17,"column":13},"end":{"line":20,"column":3}}},"3":{"name":"(anonymous_12)","decl":{"start":{"line":22,"column":10},"end":{"line":22,"column":16}},"loc":{"start":{"line":22,"column":16},"end":{"line":26,"column":3}}},"4":{"name":"(anonymous_13)","decl":{"start":{"line":28,"column":10},"end":{"line":28,"column":16}},"loc":{"start":{"line":28,"column":16},"end":{"line":43,"column":3}}},"5":{"name":"(anonymous_14)","decl":{"start":{"line":31,"column":27},"end":{"line":31,"column":28}},"loc":{"start":{"line":31,"column":62},"end":{"line":33,"column":5}}},"6":{"name":"(anonymous_15)","decl":{"start":{"line":37,"column":20},"end":{"line":37,"column":21}},"loc":{"start":{"line":37,"column":55},"end":{"line":39,"column":5}}},"7":{"name":"(anonymous_16)","decl":{"start":{"line":45,"column":9},"end":{"line":45,"column":14}},"loc":{"start":{"line":45,"column":27},"end":{"line":49,"column":3}}},"8":{"name":"(anonymous_17)","decl":{"start":{"line":46,"column":31},"end":{"line":46,"column":34}},"loc":{"start":{"line":46,"column":36},"end":{"line":48,"column":5}}}},"branchMap":{},"s":{"0":6,"1":6,"2":6,"3":6,"4":2,"5":2,"6":2,"7":0,"8":0,"9":0,"10":0,"11":0,"12":0,"13":0,"14":0,"15":0,"16":0,"17":0,"18":0,"19":0,"20":0,"21":0,"22":6},"f":{"0":2,"1":2,"2":0,"3":0,"4":0,"5":0,"6":0,"7":0,"8":0},"b":{}}
,"/home/billy/Development/Growdev/semana-25.2-testes-tdd/backend/src/core/presentation/index.ts": {"path":"/home/billy/Development/Growdev/semana-25.2-testes-tdd/backend/src/core/presentation/index.ts","statementMap":{"0":{"start":{"line":1,"column":0},"end":{"line":1,"column":22}},"1":{"start":{"line":2,"column":0},"end":{"line":2,"column":25}},"2":{"start":{"line":3,"column":0},"end":{"line":3,"column":24}},"3":{"start":{"line":4,"column":0},"end":{"line":4,"column":27}},"4":{"start":{"line":5,"column":0},"end":{"line":5,"column":28}},"5":{"start":{"line":6,"column":0},"end":{"line":6,"column":25}},"6":{"start":{"line":7,"column":0},"end":{"line":7,"column":26}},"7":{"start":{"line":8,"column":0},"end":{"line":8,"column":29}}},"fnMap":{},"branchMap":{},"s":{"0":6,"1":6,"2":6,"3":6,"4":6,"5":6,"6":6,"7":6},"f":{},"b":{}}
,"/home/billy/Development/Growdev/semana-25.2-testes-tdd/backend/src/core/presentation/adapters/express-middleware.adapter.ts": {"path":"/home/billy/Development/Growdev/semana-25.2-testes-tdd/backend/src/core/presentation/adapters/express-middleware.adapter.ts","statementMap":{"0":{"start":{"line":4,"column":33},"end":{"line":25,"column":1}},"1":{"start":{"line":5,"column":2},"end":{"line":24,"column":4}},"2":{"start":{"line":6,"column":46},"end":{"line":10,"column":6}},"3":{"start":{"line":12,"column":39},"end":{"line":13,"column":null}},"4":{"start":{"line":16,"column":4},"end":{"line":23,"column":null}},"5":{"start":{"line":17,"column":6},"end":{"line":17,"column":53}},"6":{"start":{"line":18,"column":6},"end":{"line":18,"column":13}},"7":{"start":{"line":20,"column":6},"end":{"line":22,"column":52}},"8":{"start":{"line":4,"column":13},"end":{"line":4,"column":33}}},"fnMap":{"0":{"name":"(anonymous_0)","decl":{"start":{"line":4,"column":33},"end":{"line":4,"column":34}},"loc":{"start":{"line":4,"column":53},"end":{"line":25,"column":1}}},"1":{"name":"(anonymous_1)","decl":{"start":{"line":5,"column":9},"end":{"line":5,"column":14}},"loc":{"start":{"line":5,"column":76},"end":{"line":24,"column":3}}}},"branchMap":{"0":{"loc":{"start":{"line":16,"column":4},"end":{"line":23,"column":null}},"type":"if","locations":[{"start":{"line":16,"column":4},"end":{"line":23,"column":null}},{"start":{"line":16,"column":4},"end":{"line":23,"column":null}}]}},"s":{"0":6,"1":12,"2":36,"3":36,"4":36,"5":24,"6":24,"7":12,"8":6},"f":{"0":12,"1":36},"b":{"0":[24,12]}}
,"/home/billy/Development/Growdev/semana-25.2-testes-tdd/backend/src/core/presentation/adapters/express-route.adapter.ts": {"path":"/home/billy/Development/Growdev/semana-25.2-testes-tdd/backend/src/core/presentation/adapters/express-route.adapter.ts","statementMap":{"0":{"start":{"line":3,"column":0},"end":{"line":3,"column":32}},"1":{"start":{"line":6,"column":29},"end":{"line":23,"column":1}},"2":{"start":{"line":7,"column":2},"end":{"line":22,"column":4}},"3":{"start":{"line":8,"column":37},"end":{"line":11,"column":6}},"4":{"start":{"line":13,"column":39},"end":{"line":13,"column":75}},"5":{"start":{"line":15,"column":4},"end":{"line":21,"column":null}},"6":{"start":{"line":16,"column":6},"end":{"line":16,"column":78}},"7":{"start":{"line":18,"column":6},"end":{"line":20,"column":52}},"8":{"start":{"line":6,"column":13},"end":{"line":6,"column":29}},"9":{"start":{"line":25,"column":32},"end":{"line":60,"column":1}},"10":{"start":{"line":26,"column":2},"end":{"line":59,"column":4}},"11":{"start":{"line":27,"column":37},"end":{"line":30,"column":6}},"12":{"start":{"line":34,"column":4},"end":{"line":50,"column":null}},"13":{"start":{"line":36,"column":8},"end":{"line":36,"column":59}},"14":{"start":{"line":37,"column":8},"end":{"line":37,"column":14}},"15":{"start":{"line":39,"column":8},"end":{"line":39,"column":58}},"16":{"start":{"line":40,"column":8},"end":{"line":40,"column":14}},"17":{"start":{"line":42,"column":8},"end":{"line":42,"column":59}},"18":{"start":{"line":43,"column":8},"end":{"line":43,"column":14}},"19":{"start":{"line":45,"column":8},"end":{"line":45,"column":60}},"20":{"start":{"line":46,"column":8},"end":{"line":46,"column":14}},"21":{"start":{"line":48,"column":8},"end":{"line":48,"column":60}},"22":{"start":{"line":49,"column":8},"end":{"line":49,"column":14}},"23":{"start":{"line":52,"column":4},"end":{"line":58,"column":null}},"24":{"start":{"line":53,"column":6},"end":{"line":53,"column":78}},"25":{"start":{"line":55,"column":6},"end":{"line":57,"column":52}},"26":{"start":{"line":25,"column":13},"end":{"line":25,"column":32}}},"fnMap":{"0":{"name":"(anonymous_0)","decl":{"start":{"line":6,"column":29},"end":{"line":6,"column":30}},"loc":{"start":{"line":6,"column":56},"end":{"line":23,"column":1}}},"1":{"name":"(anonymous_1)","decl":{"start":{"line":7,"column":9},"end":{"line":7,"column":14}},"loc":{"start":{"line":7,"column":56},"end":{"line":22,"column":3}}},"2":{"name":"(anonymous_2)","decl":{"start":{"line":25,"column":32},"end":{"line":25,"column":33}},"loc":{"start":{"line":25,"column":74},"end":{"line":60,"column":1}}},"3":{"name":"(anonymous_3)","decl":{"start":{"line":26,"column":9},"end":{"line":26,"column":14}},"loc":{"start":{"line":26,"column":56},"end":{"line":59,"column":3}}}},"branchMap":{"0":{"loc":{"start":{"line":15,"column":4},"end":{"line":21,"column":null}},"type":"if","locations":[{"start":{"line":15,"column":4},"end":{"line":21,"column":null}},{"start":{"line":15,"column":4},"end":{"line":21,"column":null}}]},"1":{"loc":{"start":{"line":15,"column":8},"end":{"line":15,"column":38}},"type":"binary-expr","locations":[{"start":{"line":15,"column":8},"end":{"line":15,"column":38}},{"start":{"line":15,"column":42},"end":{"line":15,"column":72}}]},"2":{"loc":{"start":{"line":35,"column":6},"end":{"line":37,"column":14}},"type":"switch","locations":[{"start":{"line":35,"column":6},"end":{"line":37,"column":14}},{"start":{"line":38,"column":6},"end":{"line":40,"column":14}},{"start":{"line":41,"column":6},"end":{"line":43,"column":14}},{"start":{"line":44,"column":6},"end":{"line":46,"column":14}},{"start":{"line":47,"column":6},"end":{"line":49,"column":14}}]},"3":{"loc":{"start":{"line":52,"column":4},"end":{"line":58,"column":null}},"type":"if","locations":[{"start":{"line":52,"column":4},"end":{"line":58,"column":null}},{"start":{"line":52,"column":4},"end":{"line":58,"column":null}}]},"4":{"loc":{"start":{"line":52,"column":8},"end":{"line":52,"column":38}},"type":"binary-expr","locations":[{"start":{"line":52,"column":8},"end":{"line":52,"column":38}},{"start":{"line":52,"column":42},"end":{"line":52,"column":72}}]}},"s":{"0":6,"1":6,"2":1,"3":3,"4":3,"5":3,"6":1,"7":2,"8":6,"9":6,"10":7,"11":11,"12":11,"13":2,"14":2,"15":2,"16":2,"17":3,"18":3,"19":2,"20":2,"21":2,"22":2,"23":11,"24":7,"25":4,"26":6},"f":{"0":1,"1":3,"2":7,"3":11},"b":{"0":[1,2],"1":[3,3],"2":[2,2,3,2,2],"3":[7,4],"4":[11,11]}}
,"/home/billy/Development/Growdev/semana-25.2-testes-tdd/backend/src/core/presentation/adapters/index.ts": {"path":"/home/billy/Development/Growdev/semana-25.2-testes-tdd/backend/src/core/presentation/adapters/index.ts","statementMap":{"0":{"start":{"line":1,"column":0},"end":{"line":1,"column":40}},"1":{"start":{"line":2,"column":0},"end":{"line":2,"column":45}}},"fnMap":{},"branchMap":{},"s":{"0":6,"1":6},"f":{},"b":{}}
,"/home/billy/Development/Growdev/semana-25.2-testes-tdd/backend/src/core/presentation/contracts/index.ts": {"path":"/home/billy/Development/Growdev/semana-25.2-testes-tdd/backend/src/core/presentation/contracts/index.ts","statementMap":{"0":{"start":{"line":1,"column":0},"end":{"line":1,"column":38}}},"fnMap":{},"branchMap":{},"s":{"0":6},"f":{},"b":{}}
,"/home/billy/Development/Growdev/semana-25.2-testes-tdd/backend/src/core/presentation/enums/index.ts": {"path":"/home/billy/Development/Growdev/semana-25.2-testes-tdd/backend/src/core/presentation/enums/index.ts","statementMap":{"0":{"start":{"line":1,"column":0},"end":{"line":1,"column":27}}},"fnMap":{},"branchMap":{},"s":{"0":6},"f":{},"b":{}}
,"/home/billy/Development/Growdev/semana-25.2-testes-tdd/backend/src/core/presentation/enums/mvc.enum.ts": {"path":"/home/billy/Development/Growdev/semana-25.2-testes-tdd/backend/src/core/presentation/enums/mvc.enum.ts","statementMap":{"0":{"start":{"line":1,"column":0},"end":{"line":1,"column":null}},"1":{"start":{"line":2,"column":2},"end":{"line":2,"column":null}},"2":{"start":{"line":3,"column":2},"end":{"line":3,"column":null}},"3":{"start":{"line":4,"column":2},"end":{"line":4,"column":null}},"4":{"start":{"line":5,"column":2},"end":{"line":5,"column":null}},"5":{"start":{"line":6,"column":2},"end":{"line":6,"column":null}}},"fnMap":{"0":{"name":"(anonymous_0)","decl":{"start":{"line":1,"column":0},"end":{"line":1,"column":12}},"loc":{"start":{"line":1,"column":16},"end":{"line":7,"column":1}}}},"branchMap":{"0":{"loc":{"start":{"line":1,"column":12},"end":{"line":1,"column":16}},"type":"binary-expr","locations":[{"start":{"line":1,"column":12},"end":{"line":1,"column":16}},{"start":{"line":1,"column":12},"end":{"line":1,"column":null}}]}},"s":{"0":6,"1":6,"2":6,"3":6,"4":6,"5":6},"f":{"0":6},"b":{"0":[6,6]}}
,"/home/billy/Development/Growdev/semana-25.2-testes-tdd/backend/src/core/presentation/errors/conflict.error.ts": {"path":"/home/billy/Development/Growdev/semana-25.2-testes-tdd/backend/src/core/presentation/errors/conflict.error.ts","statementMap":{"0":{"start":{"line":3,"column":4},"end":{"line":3,"column":41}},"1":{"start":{"line":4,"column":4},"end":{"line":4,"column":32}},"2":{"start":{"line":1,"column":0},"end":{"line":1,"column":13}}},"fnMap":{"0":{"name":"(anonymous_0)","decl":{"start":{"line":2,"column":2},"end":{"line":2,"column":14}},"loc":{"start":{"line":2,"column":31},"end":{"line":5,"column":3}}}},"branchMap":{},"s":{"0":6,"1":6,"2":6},"f":{"0":6},"b":{}}
,"/home/billy/Development/Growdev/semana-25.2-testes-tdd/backend/src/core/presentation/errors/data-not-found.error.ts": {"path":"/home/billy/Development/Growdev/semana-25.2-testes-tdd/backend/src/core/presentation/errors/data-not-found.error.ts","statementMap":{"0":{"start":{"line":3,"column":4},"end":{"line":3,"column":28}},"1":{"start":{"line":4,"column":4},"end":{"line":4,"column":36}},"2":{"start":{"line":1,"column":0},"end":{"line":1,"column":13}}},"fnMap":{"0":{"name":"(anonymous_0)","decl":{"start":{"line":2,"column":2},"end":{"line":2,"column":null}},"loc":{"start":{"line":2,"column":2},"end":{"line":5,"column":3}}}},"branchMap":{},"s":{"0":19,"1":19,"2":6},"f":{"0":19},"b":{}}
,"/home/billy/Development/Growdev/semana-25.2-testes-tdd/backend/src/core/presentation/errors/forbidden.error.ts": {"path":"/home/billy/Development/Growdev/semana-25.2-testes-tdd/backend/src/core/presentation/errors/forbidden.error.ts","statementMap":{"0":{"start":{"line":3,"column":4},"end":{"line":3,"column":30}},"1":{"start":{"line":4,"column":4},"end":{"line":4,"column":33}},"2":{"start":{"line":1,"column":0},"end":{"line":1,"column":13}}},"fnMap":{"0":{"name":"(anonymous_0)","decl":{"start":{"line":2,"column":2},"end":{"line":2,"column":null}},"loc":{"start":{"line":2,"column":2},"end":{"line":5,"column":3}}}},"branchMap":{},"s":{"0":5,"1":5,"2":6},"f":{"0":5},"b":{}}
,"/home/billy/Development/Growdev/semana-25.2-testes-tdd/backend/src/core/presentation/errors/index.ts": {"path":"/home/billy/Development/Growdev/semana-25.2-testes-tdd/backend/src/core/presentation/errors/index.ts","statementMap":{"0":{"start":{"line":1,"column":0},"end":{"line":1,"column":39}},"1":{"start":{"line":2,"column":0},"end":{"line":2,"column":38}},"2":{"start":{"line":3,"column":0},"end":{"line":3,"column":38}},"3":{"start":{"line":4,"column":0},"end":{"line":4,"column":31}},"4":{"start":{"line":5,"column":0},"end":{"line":5,"column":33}},"5":{"start":{"line":6,"column":0},"end":{"line":6,"column":37}},"6":{"start":{"line":7,"column":0},"end":{"line":7,"column":34}}},"fnMap":{},"branchMap":{},"s":{"0":6,"1":6,"2":6,"3":6,"4":6,"5":6,"6":6},"f":{},"b":{}}
,"/home/billy/Development/Growdev/semana-25.2-testes-tdd/backend/src/core/presentation/errors/invalid-param.error.ts": {"path":"/home/billy/Development/Growdev/semana-25.2-testes-tdd/backend/src/core/presentation/errors/invalid-param.error.ts","statementMap":{"0":{"start":{"line":3,"column":4},"end":{"line":3,"column":41}},"1":{"start":{"line":4,"column":4},"end":{"line":4,"column":36}},"2":{"start":{"line":1,"column":0},"end":{"line":1,"column":13}}},"fnMap":{"0":{"name":"(anonymous_0)","decl":{"start":{"line":2,"column":2},"end":{"line":2,"column":14}},"loc":{"start":{"line":2,"column":31},"end":{"line":5,"column":3}}}},"branchMap":{},"s":{"0":2,"1":2,"2":6},"f":{"0":2},"b":{}}
,"/home/billy/Development/Growdev/semana-25.2-testes-tdd/backend/src/core/presentation/errors/missing-param.error.ts": {"path":"/home/billy/Development/Growdev/semana-25.2-testes-tdd/backend/src/core/presentation/errors/missing-param.error.ts","statementMap":{"0":{"start":{"line":3,"column":4},"end":{"line":3,"column":41}},"1":{"start":{"line":4,"column":4},"end":{"line":4,"column":36}},"2":{"start":{"line":1,"column":0},"end":{"line":1,"column":13}}},"fnMap":{"0":{"name":"(anonymous_0)","decl":{"start":{"line":2,"column":2},"end":{"line":2,"column":14}},"loc":{"start":{"line":2,"column":31},"end":{"line":5,"column":3}}}},"branchMap":{},"s":{"0":6,"1":6,"2":6},"f":{"0":6},"b":{}}
,"/home/billy/Development/Growdev/semana-25.2-testes-tdd/backend/src/core/presentation/errors/server.error.ts": {"path":"/home/billy/Development/Growdev/semana-25.2-testes-tdd/backend/src/core/presentation/errors/server.error.ts","statementMap":{"0":{"start":{"line":3,"column":4},"end":{"line":3,"column":35}},"1":{"start":{"line":4,"column":4},"end":{"line":4,"column":30}},"2":{"start":{"line":1,"column":0},"end":{"line":1,"column":13}}},"fnMap":{"0":{"name":"(anonymous_0)","decl":{"start":{"line":2,"column":2},"end":{"line":2,"column":null}},"loc":{"start":{"line":2,"column":2},"end":{"line":5,"column":3}}}},"branchMap":{},"s":{"0":14,"1":14,"2":6},"f":{"0":14},"b":{}}
,"/home/billy/Development/Growdev/semana-25.2-testes-tdd/backend/src/core/presentation/errors/unauthorized.error.ts": {"path":"/home/billy/Development/Growdev/semana-25.2-testes-tdd/backend/src/core/presentation/errors/unauthorized.error.ts","statementMap":{"0":{"start":{"line":3,"column":4},"end":{"line":3,"column":41}},"1":{"start":{"line":4,"column":4},"end":{"line":4,"column":36}},"2":{"start":{"line":1,"column":0},"end":{"line":1,"column":13}}},"fnMap":{"0":{"name":"(anonymous_0)","decl":{"start":{"line":2,"column":2},"end":{"line":2,"column":null}},"loc":{"start":{"line":2,"column":2},"end":{"line":5,"column":3}}}},"branchMap":{},"s":{"0":10,"1":10,"2":6},"f":{"0":10},"b":{}}
,"/home/billy/Development/Growdev/semana-25.2-testes-tdd/backend/src/core/presentation/helpers/http.helper.ts": {"path":"/home/billy/Development/Growdev/semana-25.2-testes-tdd/backend/src/core/presentation/helpers/http.helper.ts","statementMap":{"0":{"start":{"line":1,"column":0},"end":{"line":1,"column":null}},"1":{"start":{"line":10,"column":18},"end":{"line":13,"column":2}},"2":{"start":{"line":10,"column":48},"end":{"line":13,"column":2}},"3":{"start":{"line":10,"column":13},"end":{"line":10,"column":18}},"4":{"start":{"line":15,"column":26},"end":{"line":18,"column":2}},"5":{"start":{"line":15,"column":57},"end":{"line":18,"column":2}},"6":{"start":{"line":15,"column":13},"end":{"line":15,"column":26}},"7":{"start":{"line":20,"column":24},"end":{"line":23,"column":2}},"8":{"start":{"line":20,"column":45},"end":{"line":23,"column":2}},"9":{"start":{"line":20,"column":13},"end":{"line":20,"column":24}},"10":{"start":{"line":25,"column":27},"end":{"line":28,"column":2}},"11":{"start":{"line":25,"column":48},"end":{"line":28,"column":2}},"12":{"start":{"line":25,"column":13},"end":{"line":25,"column":27}},"13":{"start":{"line":30,"column":24},"end":{"line":33,"column":2}},"14":{"start":{"line":30,"column":58},"end":{"line":33,"column":2}},"15":{"start":{"line":30,"column":13},"end":{"line":30,"column":24}},"16":{"start":{"line":35,"column":28},"end":{"line":38,"column":2}},"17":{"start":{"line":35,"column":49},"end":{"line":38,"column":2}},"18":{"start":{"line":35,"column":13},"end":{"line":35,"column":28}},"19":{"start":{"line":40,"column":25},"end":{"line":43,"column":2}},"20":{"start":{"line":40,"column":46},"end":{"line":43,"column":2}},"21":{"start":{"line":40,"column":13},"end":{"line":40,"column":25}}},"fnMap":{"0":{"name":"(anonymous_0)","decl":{"start":{"line":10,"column":18},"end":{"line":10,"column":19}},"loc":{"start":{"line":10,"column":48},"end":{"line":13,"column":2}}},"1":{"name":"(anonymous_1)","decl":{"start":{"line":15,"column":26},"end":{"line":15,"column":27}},"loc":{"start":{"line":15,"column":57},"end":{"line":18,"column":2}}},"2":{"name":"(anonymous_2)","decl":{"start":{"line":20,"column":24},"end":{"line":20,"column":41}},"loc":{"start":{"line":20,"column":45},"end":{"line":23,"column":2}}},"3":{"name":"(anonymous_3)","decl":{"start":{"line":25,"column":27},"end":{"line":25,"column":44}},"loc":{"start":{"line":25,"column":48},"end":{"line":28,"column":2}}},"4":{"name":"(anonymous_4)","decl":{"start":{"line":30,"column":24},"end":{"line":30,"column":25}},"loc":{"start":{"line":30,"column":58},"end":{"line":33,"column":2}}},"5":{"name":"(anonymous_5)","decl":{"start":{"line":35,"column":28},"end":{"line":35,"column":45}},"loc":{"start":{"line":35,"column":49},"end":{"line":38,"column":2}}},"6":{"name":"(anonymous_6)","decl":{"start":{"line":40,"column":25},"end":{"line":40,"column":42}},"loc":{"start":{"line":40,"column":46},"end":{"line":43,"column":2}}}},"branchMap":{},"s":{"0":6,"1":6,"2":65,"3":6,"4":6,"5":8,"6":6,"7":6,"8":19,"9":6,"10":6,"11":14,"12":6,"13":6,"14":6,"15":6,"16":6,"17":10,"18":6,"19":6,"20":5,"21":6},"f":{"0":65,"1":8,"2":19,"3":14,"4":6,"5":10,"6":5},"b":{}}
,"/home/billy/Development/Growdev/semana-25.2-testes-tdd/backend/src/core/presentation/helpers/index.ts": {"path":"/home/billy/Development/Growdev/semana-25.2-testes-tdd/backend/src/core/presentation/helpers/index.ts","statementMap":{"0":{"start":{"line":1,"column":0},"end":{"line":1,"column":30}}},"fnMap":{},"branchMap":{},"s":{"0":6},"f":{},"b":{}}
,"/home/billy/Development/Growdev/semana-25.2-testes-tdd/backend/src/core/presentation/models/index.ts": {"path":"/home/billy/Development/Growdev/semana-25.2-testes-tdd/backend/src/core/presentation/models/index.ts","statementMap":{"0":{"start":{"line":1,"column":0},"end":{"line":1,"column":29}}},"fnMap":{},"branchMap":{},"s":{"0":6},"f":{},"b":{}}
,"/home/billy/Development/Growdev/semana-25.2-testes-tdd/backend/src/core/presentation/validators/index.ts": {"path":"/home/billy/Development/Growdev/semana-25.2-testes-tdd/backend/src/core/presentation/validators/index.ts","statementMap":{"0":{"start":{"line":1,"column":0},"end":{"line":1,"column":43}}},"fnMap":{},"branchMap":{},"s":{"0":6},"f":{},"b":{}}
,"/home/billy/Development/Growdev/semana-25.2-testes-tdd/backend/src/core/presentation/validators/require-fields.validator.ts": {"path":"/home/billy/Development/Growdev/semana-25.2-testes-tdd/backend/src/core/presentation/validators/require-fields.validator.ts","statementMap":{"0":{"start":{"line":1,"column":0},"end":{"line":1,"column":46}},"1":{"start":{"line":4,"column":2},"end":{"line":4,"column":30}},"2":{"start":{"line":7,"column":4},"end":{"line":7,"column":32}},"3":{"start":{"line":11,"column":4},"end":{"line":13,"column":null}},"4":{"start":{"line":12,"column":6},"end":{"line":12,"column":52}},"5":{"start":{"line":15,"column":4},"end":{"line":15,"column":16}},"6":{"start":{"line":3,"column":0},"end":{"line":3,"column":13}}},"fnMap":{"0":{"name":"(anonymous_2)","decl":{"start":{"line":6,"column":2},"end":{"line":6,"column":14}},"loc":{"start":{"line":6,"column":31},"end":{"line":8,"column":3}}},"1":{"name":"(anonymous_3)","decl":{"start":{"line":10,"column":9},"end":{"line":10,"column":17}},"loc":{"start":{"line":10,"column":28},"end":{"line":16,"column":3}}}},"branchMap":{"0":{"loc":{"start":{"line":11,"column":4},"end":{"line":13,"column":null}},"type":"if","locations":[{"start":{"line":11,"column":4},"end":{"line":13,"column":null}},{"start":{"line":11,"column":4},"end":{"line":13,"column":null}}]}},"s":{"0":6,"1":27,"2":27,"3":27,"4":6,"5":21,"6":6},"f":{"0":27,"1":27},"b":{"0":[6,21]}}
,"/home/billy/Development/Growdev/semana-25.2-testes-tdd/backend/src/features/scraps/infra/index.ts": {"path":"/home/billy/Development/Growdev/semana-25.2-testes-tdd/backend/src/features/scraps/infra/index.ts","statementMap":{"0":{"start":{"line":1,"column":0},"end":{"line":1,"column":31}},"1":{"start":{"line":2,"column":0},"end":{"line":2,"column":38}}},"fnMap":{},"branchMap":{},"s":{"0":7,"1":7},"f":{},"b":{}}
,"/home/billy/Development/Growdev/semana-25.2-testes-tdd/backend/src/features/scraps/infra/repositories/index.ts": {"path":"/home/billy/Development/Growdev/semana-25.2-testes-tdd/backend/src/features/scraps/infra/repositories/index.ts","statementMap":{"0":{"start":{"line":1,"column":0},"end":{"line":1,"column":35}}},"fnMap":{},"branchMap":{},"s":{"0":7},"f":{},"b":{}}
,"/home/billy/Development/Growdev/semana-25.2-testes-tdd/backend/src/features/scraps/infra/repositories/scrap.repository.ts": {"path":"/home/billy/Development/Growdev/semana-25.2-testes-tdd/backend/src/features/scraps/infra/repositories/scrap.repository.ts","statementMap":{"0":{"start":{"line":1,"column":0},"end":{"line":1,"column":53}},"1":{"start":{"line":6,"column":44},"end":{"line":6,"column":50}},"2":{"start":{"line":8,"column":18},"end":{"line":12,"column":13}},"3":{"start":{"line":14,"column":4},"end":{"line":14,"column":53}},"4":{"start":{"line":18,"column":19},"end":{"line":24,"column":6}},"5":{"start":{"line":26,"column":4},"end":{"line":29,"column":8}},"6":{"start":{"line":26,"column":32},"end":{"line":29,"column":6}},"7":{"start":{"line":33,"column":18},"end":{"line":36,"column":6}},"8":{"start":{"line":38,"column":4},"end":{"line":40,"column":null}},"9":{"start":{"line":39,"column":6},"end":{"line":39,"column":18}},"10":{"start":{"line":42,"column":4},"end":{"line":45,"column":6}},"11":{"start":{"line":49,"column":44},"end":{"line":49,"column":50}},"12":{"start":{"line":51,"column":18},"end":{"line":54,"column":6}},"13":{"start":{"line":56,"column":4},"end":{"line":58,"column":null}},"14":{"start":{"line":57,"column":6},"end":{"line":57,"column":18}},"15":{"start":{"line":60,"column":4},"end":{"line":60,"column":24}},"16":{"start":{"line":61,"column":4},"end":{"line":61,"column":36}},"17":{"start":{"line":63,"column":25},"end":{"line":63,"column":43}},"18":{"start":{"line":65,"column":4},"end":{"line":67,"column":6}},"19":{"start":{"line":71,"column":18},"end":{"line":71,"column":72}},"20":{"start":{"line":73,"column":4},"end":{"line":75,"column":null}},"21":{"start":{"line":74,"column":6},"end":{"line":74,"column":18}},"22":{"start":{"line":77,"column":4},"end":{"line":77,"column":32}},"23":{"start":{"line":4,"column":0},"end":{"line":4,"column":13}}},"fnMap":{"0":{"name":"(anonymous_0)","decl":{"start":{"line":5,"column":2},"end":{"line":5,"column":7}},"loc":{"start":{"line":5,"column":28},"end":{"line":15,"column":3}}},"1":{"name":"(anonymous_1)","decl":{"start":{"line":17,"column":2},"end":{"line":17,"column":7}},"loc":{"start":{"line":17,"column":30},"end":{"line":30,"column":3}}},"2":{"name":"(anonymous_2)","decl":{"start":{"line":26,"column":22},"end":{"line":26,"column":27}},"loc":{"start":{"line":26,"column":32},"end":{"line":29,"column":6}}},"3":{"name":"(anonymous_3)","decl":{"start":{"line":32,"column":2},"end":{"line":32,"column":7}},"loc":{"start":{"line":32,"column":43},"end":{"line":46,"column":3}}},"4":{"name":"(anonymous_4)","decl":{"start":{"line":48,"column":2},"end":{"line":48,"column":7}},"loc":{"start":{"line":48,"column":41},"end":{"line":68,"column":3}}},"5":{"name":"(anonymous_5)","decl":{"start":{"line":70,"column":2},"end":{"line":70,"column":7}},"loc":{"start":{"line":70,"column":43},"end":{"line":78,"column":3}}}},"branchMap":{"0":{"loc":{"start":{"line":38,"column":4},"end":{"line":40,"column":null}},"type":"if","locations":[{"start":{"line":38,"column":4},"end":{"line":40,"column":null}},{"start":{"line":38,"column":4},"end":{"line":40,"column":null}}]},"1":{"loc":{"start":{"line":56,"column":4},"end":{"line":58,"column":null}},"type":"if","locations":[{"start":{"line":56,"column":4},"end":{"line":58,"column":null}},{"start":{"line":56,"column":4},"end":{"line":58,"column":null}}]},"2":{"loc":{"start":{"line":73,"column":4},"end":{"line":75,"column":null}},"type":"if","locations":[{"start":{"line":73,"column":4},"end":{"line":75,"column":null}},{"start":{"line":73,"column":4},"end":{"line":75,"column":null}}]}},"s":{"0":7,"1":3,"2":3,"3":3,"4":4,"5":4,"6":2,"7":4,"8":4,"9":3,"10":1,"11":4,"12":4,"13":4,"14":1,"15":3,"16":3,"17":3,"18":3,"19":3,"20":3,"21":1,"22":2,"23":7},"f":{"0":3,"1":4,"2":2,"3":4,"4":4,"5":3},"b":{"0":[3,1],"1":[1,3],"2":[1,2]}}
,"/home/billy/Development/Growdev/semana-25.2-testes-tdd/backend/src/features/scraps/presentation/index.ts": {"path":"/home/billy/Development/Growdev/semana-25.2-testes-tdd/backend/src/features/scraps/presentation/index.ts","statementMap":{"0":{"start":{"line":1,"column":0},"end":{"line":1,"column":30}},"1":{"start":{"line":2,"column":0},"end":{"line":2,"column":30}},"2":{"start":{"line":3,"column":0},"end":{"line":3,"column":43}}},"fnMap":{},"branchMap":{},"s":{"0":6,"1":6,"2":6},"f":{},"b":{}}
,"/home/billy/Development/Growdev/semana-25.2-testes-tdd/backend/src/features/scraps/presentation/controllers/index.ts": {"path":"/home/billy/Development/Growdev/semana-25.2-testes-tdd/backend/src/features/scraps/presentation/controllers/index.ts","statementMap":{"0":{"start":{"line":1,"column":0},"end":{"line":1,"column":35}}},"fnMap":{},"branchMap":{},"s":{"0":6},"f":{},"b":{}}
,"/home/billy/Development/Growdev/semana-25.2-testes-tdd/backend/src/features/scraps/presentation/controllers/scrap.controller.ts": {"path":"/home/billy/Development/Growdev/semana-25.2-testes-tdd/backend/src/features/scraps/presentation/controllers/scrap.controller.ts","statementMap":{"0":{"start":{"line":1,"column":0},"end":{"line":1,"column":null}},"1":{"start":{"line":11,"column":19},"end":{"line":11,"column":21}},"2":{"start":{"line":14,"column":2},"end":{"line":14,"column":40}},"3":{"start":{"line":15,"column":2},"end":{"line":15,"column":35}},"4":{"start":{"line":18,"column":4},"end":{"line":18,"column":34}},"5":{"start":{"line":19,"column":4},"end":{"line":19,"column":24}},"6":{"start":{"line":23,"column":4},"end":{"line":39,"column":null}},"7":{"start":{"line":24,"column":26},"end":{"line":24,"column":38}},"8":{"start":{"line":25,"column":20},"end":{"line":25,"column":65}},"9":{"start":{"line":27,"column":6},"end":{"line":29,"column":null}},"10":{"start":{"line":28,"column":8},"end":{"line":28,"column":37}},"11":{"start":{"line":31,"column":21},"end":{"line":31,"column":59}},"12":{"start":{"line":33,"column":6},"end":{"line":33,"column":74}},"13":{"start":{"line":35,"column":6},"end":{"line":35,"column":28}},"14":{"start":{"line":37,"column":6},"end":{"line":37,"column":25}},"15":{"start":{"line":38,"column":6},"end":{"line":38,"column":27}},"16":{"start":{"line":42,"column":4},"end":{"line":54,"column":null}},"17":{"start":{"line":43,"column":20},"end":{"line":43,"column":63}},"18":{"start":{"line":44,"column":26},"end":{"line":44,"column":38}},"19":{"start":{"line":46,"column":21},"end":{"line":46,"column":59}},"20":{"start":{"line":48,"column":6},"end":{"line":48,"column":74}},"21":{"start":{"line":50,"column":6},"end":{"line":50,"column":27}},"22":{"start":{"line":52,"column":6},"end":{"line":52,"column":25}},"23":{"start":{"line":53,"column":6},"end":{"line":53,"column":27}},"24":{"start":{"line":58,"column":4},"end":{"line":79,"column":null}},"25":{"start":{"line":59,"column":22},"end":{"line":59,"column":36}},"26":{"start":{"line":60,"column":26},"end":{"line":60,"column":38}},"27":{"start":{"line":62,"column":20},"end":{"line":62,"column":68}},"28":{"start":{"line":64,"column":6},"end":{"line":66,"column":null}},"29":{"start":{"line":65,"column":8},"end":{"line":65,"column":36}},"30":{"start":{"line":68,"column":20},"end":{"line":68,"column":63}},"31":{"start":{"line":70,"column":6},"end":{"line":72,"column":null}},"32":{"start":{"line":71,"column":8},"end":{"line":71,"column":26}},"33":{"start":{"line":74,"column":6},"end":{"line":74,"column":76}},"34":{"start":{"line":75,"column":6},"end":{"line":75,"column":27}},"35":{"start":{"line":77,"column":6},"end":{"line":77,"column":25}},"36":{"start":{"line":78,"column":6},"end":{"line":78,"column":27}},"37":{"start":{"line":82,"column":4},"end":{"line":101,"column":null}},"38":{"start":{"line":83,"column":22},"end":{"line":83,"column":36}},"39":{"start":{"line":84,"column":26},"end":{"line":84,"column":38}},"40":{"start":{"line":86,"column":20},"end":{"line":86,"column":68}},"41":{"start":{"line":88,"column":6},"end":{"line":90,"column":null}},"42":{"start":{"line":89,"column":8},"end":{"line":89,"column":26}},"43":{"start":{"line":92,"column":21},"end":{"line":92,"column":59}},"44":{"start":{"line":94,"column":6},"end":{"line":94,"column":76}},"45":{"start":{"line":95,"column":6},"end":{"line":95,"column":74}},"46":{"start":{"line":97,"column":6},"end":{"line":97,"column":27}},"47":{"start":{"line":99,"column":6},"end":{"line":99,"column":25}},"48":{"start":{"line":100,"column":6},"end":{"line":100,"column":27}},"49":{"start":{"line":104,"column":4},"end":{"line":123,"column":null}},"50":{"start":{"line":105,"column":22},"end":{"line":105,"column":36}},"51":{"start":{"line":106,"column":26},"end":{"line":106,"column":38}},"52":{"start":{"line":108,"column":20},"end":{"line":108,"column":63}},"53":{"start":{"line":110,"column":6},"end":{"line":112,"column":null}},"54":{"start":{"line":111,"column":8},"end":{"line":111,"column":26}},"55":{"start":{"line":114,"column":21},"end":{"line":114,"column":59}},"56":{"start":{"line":116,"column":6},"end":{"line":116,"column":55}},"57":{"start":{"line":117,"column":6},"end":{"line":117,"column":74}},"58":{"start":{"line":119,"column":6},"end":{"line":119,"column":20}},"59":{"start":{"line":121,"column":6},"end":{"line":121,"column":25}},"60":{"start":{"line":122,"column":6},"end":{"line":122,"column":27}},"61":{"start":{"line":13,"column":0},"end":{"line":13,"column":13}}},"fnMap":{"0":{"name":"(anonymous_2)","decl":{"start":{"line":17,"column":2},"end":{"line":17,"column":14}},"loc":{"start":{"line":17,"column":65},"end":{"line":20,"column":3}}},"1":{"name":"(anonymous_3)","decl":{"start":{"line":22,"column":9},"end":{"line":22,"column":14}},"loc":{"start":{"line":22,"column":41},"end":{"line":40,"column":3}}},"2":{"name":"(anonymous_4)","decl":{"start":{"line":41,"column":9},"end":{"line":41,"column":14}},"loc":{"start":{"line":41,"column":41},"end":{"line":55,"column":3}}},"3":{"name":"(anonymous_5)","decl":{"start":{"line":57,"column":9},"end":{"line":57,"column":14}},"loc":{"start":{"line":57,"column":40},"end":{"line":80,"column":3}}},"4":{"name":"(anonymous_6)","decl":{"start":{"line":81,"column":9},"end":{"line":81,"column":14}},"loc":{"start":{"line":81,"column":42},"end":{"line":102,"column":3}}},"5":{"name":"(anonymous_7)","decl":{"start":{"line":103,"column":9},"end":{"line":103,"column":14}},"loc":{"start":{"line":103,"column":42},"end":{"line":124,"column":3}}}},"branchMap":{"0":{"loc":{"start":{"line":27,"column":6},"end":{"line":29,"column":null}},"type":"if","locations":[{"start":{"line":27,"column":6},"end":{"line":29,"column":null}},{"start":{"line":27,"column":6},"end":{"line":29,"column":null}}]},"1":{"loc":{"start":{"line":64,"column":6},"end":{"line":66,"column":null}},"type":"if","locations":[{"start":{"line":64,"column":6},"end":{"line":66,"column":null}},{"start":{"line":64,"column":6},"end":{"line":66,"column":null}}]},"2":{"loc":{"start":{"line":70,"column":6},"end":{"line":72,"column":null}},"type":"if","locations":[{"start":{"line":70,"column":6},"end":{"line":72,"column":null}},{"start":{"line":70,"column":6},"end":{"line":72,"column":null}}]},"3":{"loc":{"start":{"line":88,"column":6},"end":{"line":90,"column":null}},"type":"if","locations":[{"start":{"line":88,"column":6},"end":{"line":90,"column":null}},{"start":{"line":88,"column":6},"end":{"line":90,"column":null}}]},"4":{"loc":{"start":{"line":110,"column":6},"end":{"line":112,"column":null}},"type":"if","locations":[{"start":{"line":110,"column":6},"end":{"line":112,"column":null}},{"start":{"line":110,"column":6},"end":{"line":112,"column":null}}]}},"s":{"0":6,"1":6,"2":36,"3":36,"4":36,"5":36,"6":8,"7":8,"8":8,"9":7,"10":2,"11":5,"12":5,"13":5,"14":1,"15":1,"16":6,"17":6,"18":6,"19":6,"20":6,"21":5,"22":1,"23":1,"24":9,"25":9,"26":9,"27":9,"28":8,"29":1,"30":7,"31":7,"32":5,"33":2,"34":2,"35":1,"36":1,"37":8,"38":8,"39":8,"40":8,"41":7,"42":3,"43":4,"44":4,"45":4,"46":4,"47":1,"48":1,"49":9,"50":9,"51":9,"52":9,"53":8,"54":4,"55":4,"56":4,"57":4,"58":4,"59":1,"60":1,"61":6},"f":{"0":36,"1":8,"2":6,"3":9,"4":8,"5":9},"b":{"0":[2,5],"1":[1,7],"2":[5,2],"3":[3,4],"4":[4,4]}}
,"/home/billy/Development/Growdev/semana-25.2-testes-tdd/backend/src/features/scraps/presentation/middlewares/index.ts": {"path":"/home/billy/Development/Growdev/semana-25.2-testes-tdd/backend/src/features/scraps/presentation/middlewares/index.ts","statementMap":{"0":{"start":{"line":1,"column":0},"end":{"line":1,"column":35}}},"fnMap":{},"branchMap":{},"s":{"0":6},"f":{},"b":{}}
,"/home/billy/Development/Growdev/semana-25.2-testes-tdd/backend/src/features/scraps/presentation/middlewares/scrap.middleware.ts": {"path":"/home/billy/Development/Growdev/semana-25.2-testes-tdd/backend/src/features/scraps/presentation/middlewares/scrap.middleware.ts","statementMap":{"0":{"start":{"line":1,"column":0},"end":{"line":1,"column":null}},"1":{"start":{"line":11,"column":10},"end":{"line":11,"column":44}},"2":{"start":{"line":14,"column":24},"end":{"line":14,"column":36}},"3":{"start":{"line":16,"column":4},"end":{"line":22,"column":null}},"4":{"start":{"line":17,"column":20},"end":{"line":17,"column":68}},"5":{"start":{"line":19,"column":6},"end":{"line":21,"column":null}},"6":{"start":{"line":20,"column":8},"end":{"line":20,"column":33}},"7":{"start":{"line":24,"column":4},"end":{"line":24,"column":18}},"8":{"start":{"line":10,"column":0},"end":{"line":10,"column":13}}},"fnMap":{"0":{"name":"(anonymous_0)","decl":{"start":{"line":10,"column":0},"end":{"line":10,"column":13}},"loc":{"start":{"line":10,"column":0},"end":{"line":26,"column":1}}},"1":{"name":"(anonymous_1)","decl":{"start":{"line":13,"column":9},"end":{"line":13,"column":15}},"loc":{"start":{"line":13,"column":36},"end":{"line":25,"column":3}}}},"branchMap":{"0":{"loc":{"start":{"line":19,"column":6},"end":{"line":21,"column":null}},"type":"if","locations":[{"start":{"line":19,"column":6},"end":{"line":21,"column":null}},{"start":{"line":19,"column":6},"end":{"line":21,"column":null}}]}},"s":{"0":6,"1":2,"2":6,"3":6,"4":11,"5":11,"6":2,"7":4,"8":6},"f":{"0":2,"1":6},"b":{"0":[2,9]}}
,"/home/billy/Development/Growdev/semana-25.2-testes-tdd/backend/src/features/scraps/presentation/middlewares/user-auth.middleware.ts": {"path":"/home/billy/Development/Growdev/semana-25.2-testes-tdd/backend/src/features/scraps/presentation/middlewares/user-auth.middleware.ts","statementMap":{"0":{"start":{"line":1,"column":0},"end":{"line":1,"column":null}},"1":{"start":{"line":7,"column":0},"end":{"line":7,"column":31}},"2":{"start":{"line":17,"column":4},"end":{"line":33,"column":null}},"3":{"start":{"line":18,"column":20},"end":{"line":20,"column":15}},"4":{"start":{"line":21,"column":6},"end":{"line":23,"column":null}},"5":{"start":{"line":22,"column":8},"end":{"line":22,"column":30}},"6":{"start":{"line":25,"column":21},"end":{"line":25,"column":52}},"7":{"start":{"line":27,"column":19},"end":{"line":27,"column":44}},"8":{"start":{"line":28,"column":22},"end":{"line":28,"column":38}},"9":{"start":{"line":30,"column":6},"end":{"line":30,"column":34}},"10":{"start":{"line":32,"column":6},"end":{"line":32,"column":28}},"11":{"start":{"line":15,"column":0},"end":{"line":15,"column":13}}},"fnMap":{"0":{"name":"(anonymous_1)","decl":{"start":{"line":16,"column":9},"end":{"line":16,"column":15}},"loc":{"start":{"line":16,"column":39},"end":{"line":34,"column":3}}}},"branchMap":{"0":{"loc":{"start":{"line":21,"column":6},"end":{"line":23,"column":null}},"type":"if","locations":[{"start":{"line":21,"column":6},"end":{"line":23,"column":null}},{"start":{"line":21,"column":6},"end":{"line":23,"column":null}}]},"1":{"loc":{"start":{"line":25,"column":21},"end":{"line":25,"column":43}},"type":"binary-expr","locations":[{"start":{"line":25,"column":21},"end":{"line":25,"column":43}},{"start":{"line":25,"column":47},"end":{"line":25,"column":52}}]}},"s":{"0":6,"1":6,"2":5,"3":5,"4":2,"5":1,"6":1,"7":1,"8":1,"9":1,"10":3,"11":6},"f":{"0":5},"b":{"0":[1,1],"1":[1,1]}}
,"/home/billy/Development/Growdev/semana-25.2-testes-tdd/backend/src/features/scraps/presentation/middlewares/uuid-validator.middleware.ts": {"path":"/home/billy/Development/Growdev/semana-25.2-testes-tdd/backend/src/features/scraps/presentation/middlewares/uuid-validator.middleware.ts","statementMap":{"0":{"start":{"line":1,"column":0},"end":{"line":1,"column":null}},"1":{"start":{"line":8,"column":0},"end":{"line":8,"column":32}},"2":{"start":{"line":12,"column":4},"end":{"line":12,"column":25}},"3":{"start":{"line":13,"column":20},"end":{"line":13,"column":34}},"4":{"start":{"line":15,"column":4},"end":{"line":17,"column":null}},"5":{"start":{"line":16,"column":6},"end":{"line":16,"column":54}},"6":{"start":{"line":19,"column":4},"end":{"line":19,"column":18}},"7":{"start":{"line":10,"column":0},"end":{"line":10,"column":13}}},"fnMap":{"0":{"name":"(anonymous_0)","decl":{"start":{"line":11,"column":9},"end":{"line":11,"column":15}},"loc":{"start":{"line":11,"column":36},"end":{"line":20,"column":3}}}},"branchMap":{"0":{"loc":{"start":{"line":15,"column":4},"end":{"line":17,"column":null}},"type":"if","locations":[{"start":{"line":15,"column":4},"end":{"line":17,"column":null}},{"start":{"line":15,"column":4},"end":{"line":17,"column":null}}]}},"s":{"0":6,"1":6,"2":6,"3":6,"4":6,"5":2,"6":4,"7":6},"f":{"0":6},"b":{"0":[2,4]}}
,"/home/billy/Development/Growdev/semana-25.2-testes-tdd/backend/src/features/scraps/presentation/routes/routes.ts": {"path":"/home/billy/Development/Growdev/semana-25.2-testes-tdd/backend/src/features/scraps/presentation/routes/routes.ts","statementMap":{"0":{"start":{"line":2,"column":0},"end":{"line":2,"column":null}},"1":{"start":{"line":8,"column":0},"end":{"line":8,"column":63}},"2":{"start":{"line":9,"column":0},"end":{"line":9,"column":49}},"3":{"start":{"line":10,"column":0},"end":{"line":10,"column":49}},"4":{"start":{"line":11,"column":0},"end":{"line":11,"column":73}},"5":{"start":{"line":12,"column":0},"end":{"line":12,"column":83}},"6":{"start":{"line":14,"column":23},"end":{"line":19,"column":1}},"7":{"start":{"line":15,"column":21},"end":{"line":15,"column":42}},"8":{"start":{"line":16,"column":16},"end":{"line":16,"column":37}},"9":{"start":{"line":18,"column":2},"end":{"line":18,"column":48}},"10":{"start":{"line":23,"column":4},"end":{"line":27,"column":6}},"11":{"start":{"line":29,"column":4},"end":{"line":36,"column":6}},"12":{"start":{"line":38,"column":4},"end":{"line":45,"column":6}},"13":{"start":{"line":47,"column":4},"end":{"line":55,"column":6}},"14":{"start":{"line":57,"column":4},"end":{"line":64,"column":6}},"15":{"start":{"line":21,"column":0},"end":{"line":21,"column":21}}},"fnMap":{"0":{"name":"(anonymous_0)","decl":{"start":{"line":14,"column":23},"end":{"line":14,"column":41}},"loc":{"start":{"line":14,"column":43},"end":{"line":19,"column":1}}},"1":{"name":"(anonymous_1)","decl":{"start":{"line":22,"column":9},"end":{"line":22,"column":13}},"loc":{"start":{"line":22,"column":28},"end":{"line":65,"column":3}}}},"branchMap":{},"s":{"0":6,"1":6,"2":6,"3":6,"4":6,"5":6,"6":6,"7":5,"8":5,"9":5,"10":1,"11":1,"12":1,"13":1,"14":1,"15":6},"f":{"0":5,"1":1},"b":{}}
,"/home/billy/Development/Growdev/semana-25.2-testes-tdd/backend/src/features/users/infra/index.ts": {"path":"/home/billy/Development/Growdev/semana-25.2-testes-tdd/backend/src/features/users/infra/index.ts","statementMap":{"0":{"start":{"line":1,"column":0},"end":{"line":1,"column":31}},"1":{"start":{"line":2,"column":0},"end":{"line":2,"column":36}}},"fnMap":{},"branchMap":{},"s":{"0":7,"1":7},"f":{},"b":{}}
,"/home/billy/Development/Growdev/semana-25.2-testes-tdd/backend/src/features/users/infra/repositories/index.ts": {"path":"/home/billy/Development/Growdev/semana-25.2-testes-tdd/backend/src/features/users/infra/repositories/index.ts","statementMap":{"0":{"start":{"line":1,"column":0},"end":{"line":1,"column":34}}},"fnMap":{},"branchMap":{},"s":{"0":7},"f":{},"b":{}}
,"/home/billy/Development/Growdev/semana-25.2-testes-tdd/backend/src/features/users/infra/repositories/user.repository.ts": {"path":"/home/billy/Development/Growdev/semana-25.2-testes-tdd/backend/src/features/users/infra/repositories/user.repository.ts","statementMap":{"0":{"start":{"line":1,"column":0},"end":{"line":1,"column":52}},"1":{"start":{"line":6,"column":35},"end":{"line":6,"column":41}},"2":{"start":{"line":8,"column":17},"end":{"line":11,"column":13}},"3":{"start":{"line":13,"column":4},"end":{"line":16,"column":6}},"4":{"start":{"line":20,"column":18},"end":{"line":20,"column":66}},"5":{"start":{"line":22,"column":4},"end":{"line":26,"column":8}},"6":{"start":{"line":22,"column":30},"end":{"line":26,"column":6}},"7":{"start":{"line":30,"column":17},"end":{"line":35,"column":6}},"8":{"start":{"line":37,"column":4},"end":{"line":39,"column":null}},"9":{"start":{"line":38,"column":6},"end":{"line":38,"column":18}},"10":{"start":{"line":41,"column":4},"end":{"line":46,"column":6}},"11":{"start":{"line":50,"column":40},"end":{"line":50,"column":46}},"12":{"start":{"line":52,"column":17},"end":{"line":52,"column":46}},"13":{"start":{"line":54,"column":4},"end":{"line":56,"column":null}},"14":{"start":{"line":55,"column":6},"end":{"line":55,"column":18}},"15":{"start":{"line":58,"column":4},"end":{"line":58,"column":29}},"16":{"start":{"line":59,"column":4},"end":{"line":59,"column":29}},"17":{"start":{"line":61,"column":4},"end":{"line":61,"column":22}},"18":{"start":{"line":63,"column":4},"end":{"line":66,"column":6}},"19":{"start":{"line":70,"column":17},"end":{"line":70,"column":46}},"20":{"start":{"line":72,"column":4},"end":{"line":74,"column":null}},"21":{"start":{"line":73,"column":6},"end":{"line":73,"column":13}},"22":{"start":{"line":76,"column":4},"end":{"line":76,"column":24}},"23":{"start":{"line":4,"column":0},"end":{"line":4,"column":13}}},"fnMap":{"0":{"name":"(anonymous_0)","decl":{"start":{"line":5,"column":2},"end":{"line":5,"column":7}},"loc":{"start":{"line":5,"column":27},"end":{"line":17,"column":3}}},"1":{"name":"(anonymous_1)","decl":{"start":{"line":19,"column":2},"end":{"line":19,"column":7}},"loc":{"start":{"line":19,"column":14},"end":{"line":27,"column":3}}},"2":{"name":"(anonymous_2)","decl":{"start":{"line":22,"column":21},"end":{"line":22,"column":25}},"loc":{"start":{"line":22,"column":30},"end":{"line":26,"column":6}}},"3":{"name":"(anonymous_3)","decl":{"start":{"line":29,"column":2},"end":{"line":29,"column":7}},"loc":{"start":{"line":29,"column":31},"end":{"line":47,"column":3}}},"4":{"name":"(anonymous_4)","decl":{"start":{"line":49,"column":2},"end":{"line":49,"column":7}},"loc":{"start":{"line":49,"column":27},"end":{"line":67,"column":3}}},"5":{"name":"(anonymous_5)","decl":{"start":{"line":69,"column":2},"end":{"line":69,"column":7}},"loc":{"start":{"line":69,"column":26},"end":{"line":77,"column":3}}}},"branchMap":{"0":{"loc":{"start":{"line":37,"column":4},"end":{"line":39,"column":null}},"type":"if","locations":[{"start":{"line":37,"column":4},"end":{"line":39,"column":null}},{"start":{"line":37,"column":4},"end":{"line":39,"column":null}}]},"1":{"loc":{"start":{"line":54,"column":4},"end":{"line":56,"column":null}},"type":"if","locations":[{"start":{"line":54,"column":4},"end":{"line":56,"column":null}},{"start":{"line":54,"column":4},"end":{"line":56,"column":null}}]},"2":{"loc":{"start":{"line":72,"column":4},"end":{"line":74,"column":null}},"type":"if","locations":[{"start":{"line":72,"column":4},"end":{"line":74,"column":null}},{"start":{"line":72,"column":4},"end":{"line":74,"column":null}}]}},"s":{"0":7,"1":7,"2":7,"3":7,"4":2,"5":2,"6":1,"7":10,"8":10,"9":5,"10":5,"11":3,"12":3,"13":3,"14":1,"15":2,"16":2,"17":2,"18":2,"19":2,"20":2,"21":1,"22":1,"23":7},"f":{"0":7,"1":2,"2":1,"3":10,"4":3,"5":2},"b":{"0":[5,5],"1":[1,2],"2":[1,1]}}
,"/home/billy/Development/Growdev/semana-25.2-testes-tdd/backend/src/features/users/presentation/index.ts": {"path":"/home/billy/Development/Growdev/semana-25.2-testes-tdd/backend/src/features/users/presentation/index.ts","statementMap":{"0":{"start":{"line":1,"column":0},"end":{"line":1,"column":30}},"1":{"start":{"line":2,"column":0},"end":{"line":2,"column":30}},"2":{"start":{"line":3,"column":0},"end":{"line":3,"column":43}}},"fnMap":{},"branchMap":{},"s":{"0":1,"1":1,"2":1},"f":{},"b":{}}
,"/home/billy/Development/Growdev/semana-25.2-testes-tdd/backend/src/features/users/presentation/controllers/auth-user.controller.ts": {"path":"/home/billy/Development/Growdev/semana-25.2-testes-tdd/backend/src/features/users/presentation/controllers/auth-user.controller.ts","statementMap":{"0":{"start":{"line":1,"column":0},"end":{"line":1,"column":null}},"1":{"start":{"line":11,"column":0},"end":{"line":11,"column":28}},"2":{"start":{"line":12,"column":0},"end":{"line":12,"column":31}},"3":{"start":{"line":15,"column":2},"end":{"line":15,"column":39}},"4":{"start":{"line":18,"column":4},"end":{"line":18,"column":34}},"5":{"start":{"line":22,"column":4},"end":{"line":45,"column":null}},"6":{"start":{"line":23,"column":37},"end":{"line":23,"column":49}},"7":{"start":{"line":25,"column":19},"end":{"line":25,"column":58}},"8":{"start":{"line":27,"column":6},"end":{"line":29,"column":null}},"9":{"start":{"line":28,"column":8},"end":{"line":28,"column":26}},"10":{"start":{"line":31,"column":21},"end":{"line":31,"column":48}},"11":{"start":{"line":33,"column":30},"end":{"line":33,"column":75}},"12":{"start":{"line":35,"column":6},"end":{"line":37,"column":null}},"13":{"start":{"line":36,"column":8},"end":{"line":36,"column":27}},"14":{"start":{"line":39,"column":6},"end":{"line":39,"column":71}},"15":{"start":{"line":41,"column":6},"end":{"line":41,"column":27}},"16":{"start":{"line":43,"column":6},"end":{"line":43,"column":25}},"17":{"start":{"line":44,"column":6},"end":{"line":44,"column":25}},"18":{"start":{"line":14,"column":0},"end":{"line":14,"column":13}}},"fnMap":{"0":{"name":"(anonymous_3)","decl":{"start":{"line":17,"column":2},"end":{"line":17,"column":14}},"loc":{"start":{"line":17,"column":40},"end":{"line":19,"column":3}}},"1":{"name":"(anonymous_4)","decl":{"start":{"line":21,"column":9},"end":{"line":21,"column":14}},"loc":{"start":{"line":21,"column":42},"end":{"line":46,"column":3}}}},"branchMap":{"0":{"loc":{"start":{"line":27,"column":6},"end":{"line":29,"column":null}},"type":"if","locations":[{"start":{"line":27,"column":6},"end":{"line":29,"column":null}},{"start":{"line":27,"column":6},"end":{"line":29,"column":null}}]},"1":{"loc":{"start":{"line":31,"column":21},"end":{"line":31,"column":39}},"type":"binary-expr","locations":[{"start":{"line":31,"column":21},"end":{"line":31,"column":39}},{"start":{"line":31,"column":43},"end":{"line":31,"column":48}}]},"2":{"loc":{"start":{"line":35,"column":6},"end":{"line":37,"column":null}},"type":"if","locations":[{"start":{"line":35,"column":6},"end":{"line":37,"column":null}},{"start":{"line":35,"column":6},"end":{"line":37,"column":null}}]}},"s":{"0":6,"1":6,"2":6,"3":5,"4":5,"5":7,"6":7,"7":7,"8":6,"9":2,"10":4,"11":4,"12":4,"13":2,"14":2,"15":2,"16":1,"17":1,"18":6},"f":{"0":5,"1":7},"b":{"0":[2,4],"1":[4,4],"2":[2,2]}}
,"/home/billy/Development/Growdev/semana-25.2-testes-tdd/backend/src/features/users/presentation/controllers/index.ts": {"path":"/home/billy/Development/Growdev/semana-25.2-testes-tdd/backend/src/features/users/presentation/controllers/index.ts","statementMap":{"0":{"start":{"line":1,"column":0},"end":{"line":1,"column":34}}},"fnMap":{},"branchMap":{},"s":{"0":6},"f":{},"b":{}}
,"/home/billy/Development/Growdev/semana-25.2-testes-tdd/backend/src/features/users/presentation/controllers/user.controller.ts": {"path":"/home/billy/Development/Growdev/semana-25.2-testes-tdd/backend/src/features/users/presentation/controllers/user.controller.ts","statementMap":{"0":{"start":{"line":1,"column":0},"end":{"line":1,"column":null}},"1":{"start":{"line":12,"column":2},"end":{"line":12,"column":39}},"2":{"start":{"line":15,"column":4},"end":{"line":15,"column":34}},"3":{"start":{"line":19,"column":4},"end":{"line":32,"column":null}},"4":{"start":{"line":20,"column":19},"end":{"line":20,"column":71}},"5":{"start":{"line":22,"column":6},"end":{"line":24,"column":null}},"6":{"start":{"line":23,"column":8},"end":{"line":23,"column":36}},"7":{"start":{"line":26,"column":22},"end":{"line":26,"column":65}},"8":{"start":{"line":28,"column":6},"end":{"line":28,"column":25}},"9":{"start":{"line":30,"column":6},"end":{"line":30,"column":25}},"10":{"start":{"line":31,"column":6},"end":{"line":31,"column":27}},"11":{"start":{"line":36,"column":4},"end":{"line":47,"column":null}},"12":{"start":{"line":37,"column":19},"end":{"line":37,"column":73}},"13":{"start":{"line":39,"column":6},"end":{"line":41,"column":null}},"14":{"start":{"line":40,"column":8},"end":{"line":40,"column":36}},"15":{"start":{"line":43,"column":6},"end":{"line":43,"column":20}},"16":{"start":{"line":45,"column":6},"end":{"line":45,"column":25}},"17":{"start":{"line":46,"column":6},"end":{"line":46,"column":27}},"18":{"start":{"line":51,"column":4},"end":{"line":51,"column":47}},"19":{"start":{"line":54,"column":4},"end":{"line":54,"column":47}},"20":{"start":{"line":57,"column":4},"end":{"line":57,"column":47}},"21":{"start":{"line":11,"column":0},"end":{"line":11,"column":13}}},"fnMap":{"0":{"name":"(anonymous_2)","decl":{"start":{"line":14,"column":2},"end":{"line":14,"column":14}},"loc":{"start":{"line":14,"column":40},"end":{"line":16,"column":3}}},"1":{"name":"(anonymous_3)","decl":{"start":{"line":18,"column":9},"end":{"line":18,"column":14}},"loc":{"start":{"line":18,"column":41},"end":{"line":33,"column":3}}},"2":{"name":"(anonymous_4)","decl":{"start":{"line":35,"column":9},"end":{"line":35,"column":14}},"loc":{"start":{"line":35,"column":40},"end":{"line":48,"column":3}}},"3":{"name":"(anonymous_5)","decl":{"start":{"line":50,"column":2},"end":{"line":50,"column":7}},"loc":{"start":{"line":50,"column":28},"end":{"line":52,"column":3}}},"4":{"name":"(anonymous_6)","decl":{"start":{"line":53,"column":2},"end":{"line":53,"column":8}},"loc":{"start":{"line":53,"column":29},"end":{"line":55,"column":3}}},"5":{"name":"(anonymous_7)","decl":{"start":{"line":56,"column":2},"end":{"line":56,"column":8}},"loc":{"start":{"line":56,"column":29},"end":{"line":58,"column":3}}}},"branchMap":{"0":{"loc":{"start":{"line":22,"column":6},"end":{"line":24,"column":null}},"type":"if","locations":[{"start":{"line":22,"column":6},"end":{"line":24,"column":null}},{"start":{"line":22,"column":6},"end":{"line":24,"column":null}}]},"1":{"loc":{"start":{"line":39,"column":6},"end":{"line":41,"column":null}},"type":"if","locations":[{"start":{"line":39,"column":6},"end":{"line":41,"column":null}},{"start":{"line":39,"column":6},"end":{"line":41,"column":null}}]}},"s":{"0":6,"1":11,"2":11,"3":5,"4":5,"5":4,"6":2,"7":2,"8":2,"9":1,"10":1,"11":5,"12":5,"13":4,"14":2,"15":2,"16":1,"17":1,"18":1,"19":1,"20":1,"21":6},"f":{"0":11,"1":5,"2":5,"3":1,"4":1,"5":1},"b":{"0":[2,2],"1":[2,2]}}
,"/home/billy/Development/Growdev/semana-25.2-testes-tdd/backend/src/features/users/presentation/middlewares/index.ts": {"path":"/home/billy/Development/Growdev/semana-25.2-testes-tdd/backend/src/features/users/presentation/middlewares/index.ts","statementMap":{"0":{"start":{"line":1,"column":0},"end":{"line":1,"column":41}}},"fnMap":{},"branchMap":{},"s":{"0":6},"f":{},"b":{}}
,"/home/billy/Development/Growdev/semana-25.2-testes-tdd/backend/src/features/users/presentation/middlewares/user-fields.middleware.ts": {"path":"/home/billy/Development/Growdev/semana-25.2-testes-tdd/backend/src/features/users/presentation/middlewares/user-fields.middleware.ts","statementMap":{"0":{"start":{"line":1,"column":0},"end":{"line":1,"column":null}},"1":{"start":{"line":11,"column":10},"end":{"line":11,"column":44}},"2":{"start":{"line":14,"column":23},"end":{"line":14,"column":35}},"3":{"start":{"line":16,"column":4},"end":{"line":22,"column":null}},"4":{"start":{"line":17,"column":20},"end":{"line":17,"column":68}},"5":{"start":{"line":19,"column":6},"end":{"line":21,"column":null}},"6":{"start":{"line":20,"column":8},"end":{"line":20,"column":33}},"7":{"start":{"line":24,"column":4},"end":{"line":24,"column":18}},"8":{"start":{"line":10,"column":0},"end":{"line":10,"column":13}}},"fnMap":{"0":{"name":"(anonymous_0)","decl":{"start":{"line":10,"column":0},"end":{"line":10,"column":13}},"loc":{"start":{"line":10,"column":0},"end":{"line":26,"column":1}}},"1":{"name":"(anonymous_1)","decl":{"start":{"line":13,"column":9},"end":{"line":13,"column":15}},"loc":{"start":{"line":13,"column":36},"end":{"line":25,"column":3}}}},"branchMap":{"0":{"loc":{"start":{"line":19,"column":6},"end":{"line":21,"column":null}},"type":"if","locations":[{"start":{"line":19,"column":6},"end":{"line":21,"column":null}},{"start":{"line":19,"column":6},"end":{"line":21,"column":null}}]}},"s":{"0":6,"1":2,"2":9,"3":9,"4":16,"5":16,"6":4,"7":5,"8":6},"f":{"0":2,"1":9},"b":{"0":[4,12]}}
,"/home/billy/Development/Growdev/semana-25.2-testes-tdd/backend/src/features/users/presentation/routes/routes.ts": {"path":"/home/billy/Development/Growdev/semana-25.2-testes-tdd/backend/src/features/users/presentation/routes/routes.ts","statementMap":{"0":{"start":{"line":2,"column":0},"end":{"line":2,"column":null}},"1":{"start":{"line":8,"column":0},"end":{"line":8,"column":45}},"2":{"start":{"line":9,"column":0},"end":{"line":9,"column":48}},"3":{"start":{"line":10,"column":0},"end":{"line":10,"column":73}},"4":{"start":{"line":11,"column":0},"end":{"line":11,"column":54}},"5":{"start":{"line":13,"column":23},"end":{"line":17,"column":1}},"6":{"start":{"line":14,"column":21},"end":{"line":14,"column":41}},"7":{"start":{"line":16,"column":2},"end":{"line":16,"column":40}},"8":{"start":{"line":21,"column":4},"end":{"line":25,"column":6}},"9":{"start":{"line":26,"column":4},"end":{"line":30,"column":6}},"10":{"start":{"line":32,"column":4},"end":{"line":35,"column":6}},"11":{"start":{"line":19,"column":0},"end":{"line":19,"column":21}}},"fnMap":{"0":{"name":"(anonymous_0)","decl":{"start":{"line":13,"column":23},"end":{"line":13,"column":26}},"loc":{"start":{"line":13,"column":28},"end":{"line":17,"column":1}}},"1":{"name":"(anonymous_1)","decl":{"start":{"line":20,"column":9},"end":{"line":20,"column":13}},"loc":{"start":{"line":20,"column":28},"end":{"line":36,"column":3}}}},"branchMap":{},"s":{"0":6,"1":6,"2":6,"3":6,"4":6,"5":6,"6":2,"7":2,"8":1,"9":1,"10":1,"11":6},"f":{"0":2,"1":1},"b":{}}
}
