TN:
SF:src/core/infra/index.ts
FNF:0
FNH:0
DA:2,11
DA:3,11
DA:4,11
LF:3
LH:3
BRF:0
BRH:0
end_of_record
TN:
SF:src/core/infra/data/connections/database.ts
FN:6,(anonymous_0)
FN:13,(anonymous_1)
FN:20,(anonymous_2)
FN:28,(anonymous_3)
FNF:4
FNH:4
FNDA:2,(anonymous_0)
FNDA:6,(anonymous_1)
FNDA:6,(anonymous_2)
FNDA:1,(anonymous_3)
DA:1,12
DA:3,12
DA:7,2
DA:8,1
DA:10,1
DA:14,6
DA:15,5
DA:16,5
DA:21,6
DA:22,1
DA:25,5
DA:29,1
LF:12
LH:12
BRDA:7,0,0,1
BRDA:7,0,1,1
BRDA:14,1,0,5
BRDA:14,1,1,1
BRDA:21,2,0,1
BRDA:21,2,1,5
BRF:6
BRH:6
end_of_record
TN:
SF:src/core/infra/data/connections/redis.ts
FN:7,(anonymous_3)
FN:14,(anonymous_4)
FNF:2
FNH:2
FNDA:5,(anonymous_3)
FNDA:1,(anonymous_4)
DA:1,10
DA:2,10
DA:4,10
DA:5,10
DA:8,5
DA:9,1
DA:11,5
DA:15,1
DA:16,1
LF:9
LH:9
BRDA:8,0,0,1
BRDA:8,0,1,4
BRDA:15,1,0,1
BRDA:15,1,1,0
BRF:4
BRH:3
end_of_record
TN:
SF:src/core/infra/data/database/entities/index.ts
FNF:0
FNH:0
DA:1,12
DA:2,12
LF:2
LH:2
BRF:0
BRH:0
end_of_record
TN:
SF:src/core/infra/data/database/entities/scrap.entity.ts
FN:17,(anonymous_2)
FN:41,(anonymous_3)
FN:48,(anonymous_4)
FN:36,(anonymous_5)
FN:36,(anonymous_6)
FN:53,formatDateToBrasilTime
FNF:6
FNH:6
FNDA:36,(anonymous_2)
FNDA:12,(anonymous_3)
FNDA:2,(anonymous_4)
FNDA:5,(anonymous_5)
FNDA:5,(anonymous_6)
FNDA:26,formatDateToBrasilTime
DA:1,12
DA:13,12
DA:14,12
DA:17,12
DA:19,12
DA:22,12
DA:25,12
DA:28,12
DA:31,12
DA:34,12
DA:36,5
DA:38,12
DA:41,36
DA:42,12
DA:43,12
DA:44,12
DA:48,36
DA:49,2
DA:54,26
LF:19
LH:19
BRF:0
BRH:0
end_of_record
TN:
SF:src/core/infra/data/database/entities/user.entity.ts
FN:17,(anonymous_3)
FN:37,(anonymous_4)
FN:45,(anonymous_5)
FN:33,(anonymous_6)
FN:33,(anonymous_7)
FN:51,formatDateToBrasilTime
FNF:6
FNH:6
FNDA:59,(anonymous_3)
FNDA:36,(anonymous_4)
FNDA:2,(anonymous_5)
FNDA:5,(anonymous_6)
FNDA:5,(anonymous_7)
FNDA:74,formatDateToBrasilTime
DA:1,12
DA:12,12
DA:13,12
DA:14,12
DA:17,12
DA:19,12
DA:22,12
DA:25,12
DA:28,12
DA:31,12
DA:33,5
DA:34,12
DA:37,59
DA:38,36
DA:39,36
DA:40,36
DA:41,36
DA:45,59
DA:46,2
DA:47,2
DA:52,74
LF:21
LH:21
BRF:0
BRH:0
end_of_record
TN:
SF:src/core/infra/repositories/cache.repository.ts
FN:7,(anonymous_0)
FN:11,(anonymous_1)
FN:15,(anonymous_2)
FN:23,(anonymous_3)
FN:29,(anonymous_4)
FNF:5
FNH:1
FNDA:5,(anonymous_0)
FNDA:0,(anonymous_1)
FNDA:0,(anonymous_2)
FNDA:0,(anonymous_3)
FNDA:0,(anonymous_4)
DA:2,10
DA:4,10
DA:8,5
DA:12,0
DA:20,0
DA:24,0
DA:26,0
DA:30,0
DA:32,0
LF:9
LH:3
BRDA:26,0,0,0
BRDA:26,0,1,0
BRF:2
BRH:0
end_of_record
TN:
SF:src/core/infra/repositories/index.ts
FNF:0
FNH:0
DA:1,11
LF:1
LH:1
BRF:0
BRH:0
end_of_record
TN:
SF:src/core/presentation/app.ts
FN:9,(anonymous_9)
FN:13,(anonymous_10)
FN:17,(anonymous_11)
FN:22,(anonymous_12)
FN:28,(anonymous_13)
FN:31,(anonymous_14)
FN:37,(anonymous_15)
FN:45,(anonymous_16)
FN:46,(anonymous_17)
FNF:9
FNH:2
FNDA:2,(anonymous_9)
FNDA:2,(anonymous_10)
FNDA:0,(anonymous_11)
FNDA:0,(anonymous_12)
FNDA:0,(anonymous_13)
FNDA:0,(anonymous_14)
FNDA:0,(anonymous_15)
FNDA:0,(anonymous_16)
FNDA:0,(anonymous_17)
DA:1,6
DA:2,6
DA:3,6
DA:4,6
DA:6,6
DA:7,2
DA:10,2
DA:14,2
DA:18,0
DA:19,0
DA:23,0
DA:24,0
DA:25,0
DA:29,0
DA:31,0
DA:32,0
DA:35,0
DA:37,0
DA:38,0
DA:41,0
DA:42,0
DA:46,0
DA:47,0
LF:23
LH:8
BRF:0
BRH:0
end_of_record
TN:
SF:src/core/presentation/index.ts
FNF:0
FNH:0
DA:1,6
DA:2,6
DA:3,6
DA:4,6
DA:5,6
DA:6,6
DA:7,6
DA:8,6
LF:8
LH:8
BRF:0
BRH:0
end_of_record
TN:
SF:src/core/presentation/adapters/express-middleware.adapter.ts
FN:4,(anonymous_0)
FN:5,(anonymous_1)
FNF:2
FNH:2
FNDA:12,(anonymous_0)
FNDA:36,(anonymous_1)
DA:4,6
DA:5,12
DA:6,36
DA:12,36
DA:16,36
DA:17,24
DA:18,24
DA:20,12
LF:8
LH:8
BRDA:16,0,0,24
BRDA:16,0,1,12
BRF:2
BRH:2
end_of_record
TN:
SF:src/core/presentation/adapters/express-route.adapter.ts
FN:6,(anonymous_0)
FN:7,(anonymous_1)
FN:25,(anonymous_2)
FN:26,(anonymous_3)
FNF:4
FNH:4
FNDA:1,(anonymous_0)
FNDA:3,(anonymous_1)
FNDA:7,(anonymous_2)
FNDA:11,(anonymous_3)
DA:3,6
DA:6,6
DA:7,1
DA:8,3
DA:13,3
DA:15,3
DA:16,1
DA:18,2
DA:25,6
DA:26,7
DA:27,11
DA:34,11
DA:36,2
DA:37,2
DA:39,2
DA:40,2
DA:42,3
DA:43,3
DA:45,2
DA:46,2
DA:48,2
DA:49,2
DA:52,11
DA:53,7
DA:55,4
LF:25
LH:25
BRDA:15,0,0,1
BRDA:15,0,1,2
BRDA:15,1,0,3
BRDA:15,1,1,3
BRDA:35,2,0,2
BRDA:35,2,1,2
BRDA:35,2,2,3
BRDA:35,2,3,2
BRDA:35,2,4,2
BRDA:52,3,0,7
BRDA:52,3,1,4
BRDA:52,4,0,11
BRDA:52,4,1,11
BRF:13
BRH:13
end_of_record
TN:
SF:src/core/presentation/adapters/index.ts
FNF:0
FNH:0
DA:1,6
DA:2,6
LF:2
LH:2
BRF:0
BRH:0
end_of_record
TN:
SF:src/core/presentation/contracts/index.ts
FNF:0
FNH:0
DA:1,6
LF:1
LH:1
BRF:0
BRH:0
end_of_record
TN:
SF:src/core/presentation/enums/index.ts
FNF:0
FNH:0
DA:1,6
LF:1
LH:1
BRF:0
BRH:0
end_of_record
TN:
SF:src/core/presentation/enums/mvc.enum.ts
FN:1,(anonymous_0)
FNF:1
FNH:1
FNDA:6,(anonymous_0)
DA:1,6
DA:2,6
DA:3,6
DA:4,6
DA:5,6
DA:6,6
LF:6
LH:6
BRDA:1,0,0,6
BRDA:1,0,1,6
BRF:2
BRH:2
end_of_record
TN:
SF:src/core/presentation/errors/conflict.error.ts
FN:2,(anonymous_0)
FNF:1
FNH:1
FNDA:6,(anonymous_0)
DA:1,6
DA:3,6
DA:4,6
LF:3
LH:3
BRF:0
BRH:0
end_of_record
TN:
SF:src/core/presentation/errors/data-not-found.error.ts
FN:2,(anonymous_0)
FNF:1
FNH:1
FNDA:19,(anonymous_0)
DA:1,6
DA:3,19
DA:4,19
LF:3
LH:3
BRF:0
BRH:0
end_of_record
TN:
SF:src/core/presentation/errors/forbidden.error.ts
FN:2,(anonymous_0)
FNF:1
FNH:1
FNDA:5,(anonymous_0)
DA:1,6
DA:3,5
DA:4,5
LF:3
LH:3
BRF:0
BRH:0
end_of_record
TN:
SF:src/core/presentation/errors/index.ts
FNF:0
FNH:0
DA:1,6
DA:2,6
DA:3,6
DA:4,6
DA:5,6
DA:6,6
DA:7,6
LF:7
LH:7
BRF:0
BRH:0
end_of_record
TN:
SF:src/core/presentation/errors/invalid-param.error.ts
FN:2,(anonymous_0)
FNF:1
FNH:1
FNDA:2,(anonymous_0)
DA:1,6
DA:3,2
DA:4,2
LF:3
LH:3
BRF:0
BRH:0
end_of_record
TN:
SF:src/core/presentation/errors/missing-param.error.ts
FN:2,(anonymous_0)
FNF:1
FNH:1
FNDA:6,(anonymous_0)
DA:1,6
DA:3,6
DA:4,6
LF:3
LH:3
BRF:0
BRH:0
end_of_record
TN:
SF:src/core/presentation/errors/server.error.ts
FN:2,(anonymous_0)
FNF:1
FNH:1
FNDA:14,(anonymous_0)
DA:1,6
DA:3,14
DA:4,14
LF:3
LH:3
BRF:0
BRH:0
end_of_record
TN:
SF:src/core/presentation/errors/unauthorized.error.ts
FN:2,(anonymous_0)
FNF:1
FNH:1
FNDA:10,(anonymous_0)
DA:1,6
DA:3,10
DA:4,10
LF:3
LH:3
BRF:0
BRH:0
end_of_record
TN:
SF:src/core/presentation/helpers/http.helper.ts
FN:10,(anonymous_0)
FN:15,(anonymous_1)
FN:20,(anonymous_2)
FN:25,(anonymous_3)
FN:30,(anonymous_4)
FN:35,(anonymous_5)
FN:40,(anonymous_6)
FNF:7
FNH:7
FNDA:65,(anonymous_0)
FNDA:8,(anonymous_1)
FNDA:19,(anonymous_2)
FNDA:14,(anonymous_3)
FNDA:6,(anonymous_4)
FNDA:10,(anonymous_5)
FNDA:5,(anonymous_6)
DA:1,6
DA:10,65
DA:15,8
DA:20,19
DA:25,14
DA:30,6
DA:35,10
DA:40,6
LF:8
LH:8
BRF:0
BRH:0
end_of_record
TN:
SF:src/core/presentation/helpers/index.ts
FNF:0
FNH:0
DA:1,6
LF:1
LH:1
BRF:0
BRH:0
end_of_record
TN:
SF:src/core/presentation/models/index.ts
FNF:0
FNH:0
DA:1,6
LF:1
LH:1
BRF:0
BRH:0
end_of_record
TN:
SF:src/core/presentation/validators/index.ts
FNF:0
FNH:0
DA:1,6
LF:1
LH:1
BRF:0
BRH:0
end_of_record
TN:
SF:src/core/presentation/validators/require-fields.validator.ts
FN:6,(anonymous_2)
FN:10,(anonymous_3)
FNF:2
FNH:2
FNDA:27,(anonymous_2)
FNDA:27,(anonymous_3)
DA:1,6
DA:3,6
DA:4,27
DA:7,27
DA:11,27
DA:12,6
DA:15,21
LF:7
LH:7
BRDA:11,0,0,6
BRDA:11,0,1,21
BRF:2
BRH:2
end_of_record
TN:
SF:src/features/scraps/infra/index.ts
FNF:0
FNH:0
DA:1,7
DA:2,7
LF:2
LH:2
BRF:0
BRH:0
end_of_record
TN:
SF:src/features/scraps/infra/repositories/index.ts
FNF:0
FNH:0
DA:1,7
LF:1
LH:1
BRF:0
BRH:0
end_of_record
TN:
SF:src/features/scraps/infra/repositories/scrap.repository.ts
FN:5,(anonymous_0)
FN:17,(anonymous_1)
FN:26,(anonymous_2)
FN:32,(anonymous_3)
FN:48,(anonymous_4)
FN:70,(anonymous_5)
FNF:6
FNH:6
FNDA:3,(anonymous_0)
FNDA:4,(anonymous_1)
FNDA:2,(anonymous_2)
FNDA:4,(anonymous_3)
FNDA:4,(anonymous_4)
FNDA:3,(anonymous_5)
DA:1,7
DA:4,7
DA:6,3
DA:8,3
DA:14,3
DA:18,4
DA:26,4
DA:33,4
DA:38,4
DA:39,3
DA:42,1
DA:49,4
DA:51,4
DA:56,4
DA:57,1
DA:60,3
DA:61,3
DA:63,3
DA:65,3
DA:71,3
DA:73,3
DA:74,1
DA:77,2
LF:23
LH:23
BRDA:38,0,0,3
BRDA:38,0,1,1
BRDA:56,1,0,1
BRDA:56,1,1,3
BRDA:73,2,0,1
BRDA:73,2,1,2
BRF:6
BRH:6
end_of_record
TN:
SF:src/features/scraps/presentation/index.ts
FNF:0
FNH:0
DA:1,6
DA:2,6
DA:3,6
LF:3
LH:3
BRF:0
BRH:0
end_of_record
TN:
SF:src/features/scraps/presentation/controllers/index.ts
FNF:0
FNH:0
DA:1,6
LF:1
LH:1
BRF:0
BRH:0
end_of_record
TN:
SF:src/features/scraps/presentation/controllers/scrap.controller.ts
FN:17,(anonymous_2)
FN:22,(anonymous_3)
FN:41,(anonymous_4)
FN:57,(anonymous_5)
FN:81,(anonymous_6)
FN:103,(anonymous_7)
FNF:6
FNH:6
FNDA:36,(anonymous_2)
FNDA:8,(anonymous_3)
FNDA:6,(anonymous_4)
FNDA:9,(anonymous_5)
FNDA:8,(anonymous_6)
FNDA:9,(anonymous_7)
DA:1,6
DA:11,6
DA:13,6
DA:14,36
DA:15,36
DA:18,36
DA:19,36
DA:23,8
DA:24,8
DA:25,8
DA:27,7
DA:28,2
DA:31,5
DA:33,5
DA:35,5
DA:37,1
DA:38,1
DA:42,6
DA:43,6
DA:44,6
DA:46,6
DA:48,6
DA:50,5
DA:52,1
DA:53,1
DA:58,9
DA:59,9
DA:60,9
DA:62,9
DA:64,8
DA:65,1
DA:68,7
DA:70,7
DA:71,5
DA:74,2
DA:75,2
DA:77,1
DA:78,1
DA:82,8
DA:83,8
DA:84,8
DA:86,8
DA:88,7
DA:89,3
DA:92,4
DA:94,4
DA:95,4
DA:97,4
DA:99,1
DA:100,1
DA:104,9
DA:105,9
DA:106,9
DA:108,9
DA:110,8
DA:111,4
DA:114,4
DA:116,4
DA:117,4
DA:119,4
DA:121,1
DA:122,1
LF:62
LH:62
BRDA:27,0,0,2
BRDA:27,0,1,5
BRDA:64,1,0,1
BRDA:64,1,1,7
BRDA:70,2,0,5
BRDA:70,2,1,2
BRDA:88,3,0,3
BRDA:88,3,1,4
BRDA:110,4,0,4
BRDA:110,4,1,4
BRF:10
BRH:10
end_of_record
TN:
SF:src/features/scraps/presentation/middlewares/index.ts
FNF:0
FNH:0
DA:1,6
LF:1
LH:1
BRF:0
BRH:0
end_of_record
TN:
SF:src/features/scraps/presentation/middlewares/scrap.middleware.ts
FN:10,(anonymous_0)
FN:13,(anonymous_1)
FNF:2
FNH:2
FNDA:2,(anonymous_0)
FNDA:6,(anonymous_1)
DA:1,6
DA:10,6
DA:11,2
DA:14,6
DA:16,6
DA:17,11
DA:19,11
DA:20,2
DA:24,4
LF:9
LH:9
BRDA:19,0,0,2
BRDA:19,0,1,9
BRF:2
BRH:2
end_of_record
TN:
SF:src/features/scraps/presentation/middlewares/user-auth.middleware.ts
FN:16,(anonymous_1)
FNF:1
FNH:1
FNDA:5,(anonymous_1)
DA:1,6
DA:7,6
DA:15,6
DA:17,5
DA:18,5
DA:21,2
DA:22,1
DA:25,1
DA:27,1
DA:28,1
DA:30,1
DA:32,3
LF:12
LH:12
BRDA:21,0,0,1
BRDA:21,0,1,1
BRDA:25,1,0,1
BRDA:25,1,1,1
BRF:4
BRH:4
end_of_record
TN:
SF:src/features/scraps/presentation/middlewares/uuid-validator.middleware.ts
FN:11,(anonymous_0)
FNF:1
FNH:1
FNDA:6,(anonymous_0)
DA:1,6
DA:8,6
DA:10,6
DA:12,6
DA:13,6
DA:15,6
DA:16,2
DA:19,4
LF:8
LH:8
BRDA:15,0,0,2
BRDA:15,0,1,4
BRF:2
BRH:2
end_of_record
TN:
SF:src/features/scraps/presentation/routes/routes.ts
FN:14,(anonymous_0)
FN:22,(anonymous_1)
FNF:2
FNH:2
FNDA:5,(anonymous_0)
FNDA:1,(anonymous_1)
DA:2,6
DA:8,6
DA:9,6
DA:10,6
DA:11,6
DA:12,6
DA:14,6
DA:15,5
DA:16,5
DA:18,5
DA:21,6
DA:23,1
DA:29,1
DA:38,1
DA:47,1
DA:57,1
LF:16
LH:16
BRF:0
BRH:0
end_of_record
TN:
SF:src/features/users/infra/index.ts
FNF:0
FNH:0
DA:1,7
DA:2,7
LF:2
LH:2
BRF:0
BRH:0
end_of_record
TN:
SF:src/features/users/infra/repositories/index.ts
FNF:0
FNH:0
DA:1,7
LF:1
LH:1
BRF:0
BRH:0
end_of_record
TN:
SF:src/features/users/infra/repositories/user.repository.ts
FN:5,(anonymous_0)
FN:19,(anonymous_1)
FN:22,(anonymous_2)
FN:29,(anonymous_3)
FN:49,(anonymous_4)
FN:69,(anonymous_5)
FNF:6
FNH:6
FNDA:7,(anonymous_0)
FNDA:2,(anonymous_1)
FNDA:1,(anonymous_2)
FNDA:10,(anonymous_3)
FNDA:3,(anonymous_4)
FNDA:2,(anonymous_5)
DA:1,7
DA:4,7
DA:6,7
DA:8,7
DA:13,7
DA:20,2
DA:22,2
DA:30,10
DA:37,10
DA:38,5
DA:41,5
DA:50,3
DA:52,3
DA:54,3
DA:55,1
DA:58,2
DA:59,2
DA:61,2
DA:63,2
DA:70,2
DA:72,2
DA:73,1
DA:76,1
LF:23
LH:23
BRDA:37,0,0,5
BRDA:37,0,1,5
BRDA:54,1,0,1
BRDA:54,1,1,2
BRDA:72,2,0,1
BRDA:72,2,1,1
BRF:6
BRH:6
end_of_record
TN:
SF:src/features/users/presentation/index.ts
FNF:0
FNH:0
DA:1,1
DA:2,1
DA:3,1
LF:3
LH:3
BRF:0
BRH:0
end_of_record
TN:
SF:src/features/users/presentation/controllers/auth-user.controller.ts
FN:17,(anonymous_3)
FN:21,(anonymous_4)
FNF:2
FNH:2
FNDA:5,(anonymous_3)
FNDA:7,(anonymous_4)
DA:1,6
DA:11,6
DA:12,6
DA:14,6
DA:15,5
DA:18,5
DA:22,7
DA:23,7
DA:25,7
DA:27,6
DA:28,2
DA:31,4
DA:33,4
DA:35,4
DA:36,2
DA:39,2
DA:41,2
DA:43,1
DA:44,1
LF:19
LH:19
BRDA:27,0,0,2
BRDA:27,0,1,4
BRDA:31,1,0,4
BRDA:31,1,1,4
BRDA:35,2,0,2
BRDA:35,2,1,2
BRF:6
BRH:6
end_of_record
TN:
SF:src/features/users/presentation/controllers/index.ts
FNF:0
FNH:0
DA:1,6
LF:1
LH:1
BRF:0
BRH:0
end_of_record
TN:
SF:src/features/users/presentation/controllers/user.controller.ts
FN:14,(anonymous_2)
FN:18,(anonymous_3)
FN:35,(anonymous_4)
FN:50,(anonymous_5)
FN:53,(anonymous_6)
FN:56,(anonymous_7)
FNF:6
FNH:6
FNDA:11,(anonymous_2)
FNDA:5,(anonymous_3)
FNDA:5,(anonymous_4)
FNDA:1,(anonymous_5)
FNDA:1,(anonymous_6)
FNDA:1,(anonymous_7)
DA:1,6
DA:11,6
DA:12,11
DA:15,11
DA:19,5
DA:20,5
DA:22,4
DA:23,2
DA:26,2
DA:28,2
DA:30,1
DA:31,1
DA:36,5
DA:37,5
DA:39,4
DA:40,2
DA:43,2
DA:45,1
DA:46,1
DA:51,1
DA:54,1
DA:57,1
LF:22
LH:22
BRDA:22,0,0,2
BRDA:22,0,1,2
BRDA:39,1,0,2
BRDA:39,1,1,2
BRF:4
BRH:4
end_of_record
TN:
SF:src/features/users/presentation/middlewares/index.ts
FNF:0
FNH:0
DA:1,6
LF:1
LH:1
BRF:0
BRH:0
end_of_record
TN:
SF:src/features/users/presentation/middlewares/user-fields.middleware.ts
FN:10,(anonymous_0)
FN:13,(anonymous_1)
FNF:2
FNH:2
FNDA:2,(anonymous_0)
FNDA:9,(anonymous_1)
DA:1,6
DA:10,6
DA:11,2
DA:14,9
DA:16,9
DA:17,16
DA:19,16
DA:20,4
DA:24,5
LF:9
LH:9
BRDA:19,0,0,4
BRDA:19,0,1,12
BRF:2
BRH:2
end_of_record
TN:
SF:src/features/users/presentation/routes/routes.ts
FN:13,(anonymous_0)
FN:20,(anonymous_1)
FNF:2
FNH:2
FNDA:2,(anonymous_0)
FNDA:1,(anonymous_1)
DA:2,6
DA:8,6
DA:9,6
DA:10,6
DA:11,6
DA:13,6
DA:14,2
DA:16,2
DA:19,6
DA:21,1
DA:26,1
DA:32,1
LF:12
LH:12
BRF:0
BRH:0
end_of_record
